[29-09-2021 05:00:55][INFO][][0] Work path has been switched to C:\Users\devne\Documents\Laiye Level - 3\Ticket inquiry_Unattended\
[29-09-2021 05:00:55][INFO][Air_Ticket_Enquiry_Process.flow][0] Process Air_Ticket_Enquiry_Process.flow start running
[29-09-2021 05:00:55][INFO][Air_Ticket_Enquiry_Process.flow][0] Enter block Initialization
[29-09-2021 05:01:13][INFO][Initialization.task][38] Setting up the output report file path
[29-09-2021 05:01:13][WARN][Initialization.task][47] Deleting the output report file as it already exists
[29-09-2021 05:01:13][INFO][Initialization.task][56] Checking if Office is installed
[29-09-2021 05:01:15][INFO][Initialization.task][65] Setting up credential values in the output report
[29-09-2021 05:01:16][INFO][Initialization.task][74] Calling OpenExchange API for determining exchange rate.
[29-09-2021 05:01:18][INFO][Air_Ticket_Enquiry_Process.flow][0] Determine“Exception？”The result is false
[29-09-2021 05:01:18][INFO][Air_Ticket_Enquiry_Process.flow][0] Enter block Get Southern Data
[29-09-2021 05:01:18][INFO][GetChinaSouthernAirlinesData.task][23] Open Chrome browser and enter the China Southern Airlines webpage
[29-09-2021 05:01:30][INFO][GetChinaSouthernAirlinesData.task][30] The webpage window is maximized
[29-09-2021 05:01:38][INFO][GetChinaSouthernAirlinesData.task][35] The page load return value is: 1 (success:1,failure:0)
[29-09-2021 05:01:38][INFO][GetChinaSouthernAirlinesData.task][49] Entering the search parameters for China Southern Airlines
[29-09-2021 05:02:01][INFO][GetChinaSouthernAirlinesData.task][68] Waiting for the search results to load
[29-09-2021 05:02:13][INFO][GetChinaSouthernAirlinesData.task][76] The page load return value is: 1 (success:1,failure:0)
[29-09-2021 05:02:26][INFO][GetChinaSouthernAirlinesData.task][96] Extracting flight details from the China Southern Airlines webpage.
[29-09-2021 05:02:27][INFO][GetChinaSouthernAirlinesData.task][101] Creating southern airlines data array.
[29-09-2021 05:02:27][ERROR][GetChinaSouthernAirlinesData.task][174] Application exception, failed to open extract data from China Southern Airlines website:{
	"File" : "GetChinaSouthernAirlinesData.task",
	"Line" : 141,
	"Message" : "Only array or dictionary type can be indexed",
	"_InternalState_" : 1
}
[29-09-2021 05:02:27][INFO][Air_Ticket_Enquiry_Process.flow][0] Determine“Business Exception?”The result is true
[29-09-2021 05:02:27][INFO][Air_Ticket_Enquiry_Process.flow][0] Determine“Retry?”The result is true
[29-09-2021 05:02:27][INFO][Air_Ticket_Enquiry_Process.flow][0] Enter block Initialization
[29-09-2021 05:02:45][INFO][Initialization.task][38] Setting up the output report file path
[29-09-2021 05:02:45][WARN][Initialization.task][47] Deleting the output report file as it already exists
[29-09-2021 05:02:45][INFO][Initialization.task][56] Checking if Office is installed
[29-09-2021 05:02:46][INFO][Initialization.task][65] Setting up credential values in the output report
[29-09-2021 05:02:47][INFO][Initialization.task][74] Calling OpenExchange API for determining exchange rate.
[29-09-2021 05:02:48][INFO][Air_Ticket_Enquiry_Process.flow][0] Determine“Exception？”The result is false
[29-09-2021 05:02:48][INFO][Air_Ticket_Enquiry_Process.flow][0] Enter block Get Southern Data
[29-09-2021 05:02:49][INFO][GetChinaSouthernAirlinesData.task][23] Open Chrome browser and enter the China Southern Airlines webpage
[29-09-2021 05:03:01][INFO][GetChinaSouthernAirlinesData.task][30] The webpage window is maximized
[29-09-2021 05:03:12][INFO][GetChinaSouthernAirlinesData.task][35] The page load return value is: 1 (success:1,failure:0)
[29-09-2021 05:03:12][INFO][GetChinaSouthernAirlinesData.task][49] Entering the search parameters for China Southern Airlines
[29-09-2021 05:03:35][INFO][GetChinaSouthernAirlinesData.task][68] Waiting for the search results to load
[29-09-2021 05:03:43][INFO][GetChinaSouthernAirlinesData.task][76] The page load return value is: 1 (success:1,failure:0)
[29-09-2021 05:03:56][INFO][GetChinaSouthernAirlinesData.task][96] Extracting flight details from the China Southern Airlines webpage.
[29-09-2021 05:03:56][INFO][GetChinaSouthernAirlinesData.task][101] Creating southern airlines data array.
[29-09-2021 05:03:56][ERROR][GetChinaSouthernAirlinesData.task][174] Application exception, failed to open extract data from China Southern Airlines website:{
	"File" : "GetChinaSouthernAirlinesData.task",
	"Line" : 141,
	"Message" : "Only array or dictionary type can be indexed",
	"_InternalState_" : 1
}
[29-09-2021 05:03:56][INFO][Air_Ticket_Enquiry_Process.flow][0] Determine“Business Exception?”The result is true
[29-09-2021 05:03:56][INFO][Air_Ticket_Enquiry_Process.flow][0] Determine“Retry?”The result is true
[29-09-2021 05:03:56][INFO][Air_Ticket_Enquiry_Process.flow][0] Enter block Initialization
[29-09-2021 05:04:16][INFO][Initialization.task][38] Setting up the output report file path
[29-09-2021 05:04:16][WARN][Initialization.task][47] Deleting the output report file as it already exists
[29-09-2021 05:04:16][INFO][Initialization.task][56] Checking if Office is installed
[29-09-2021 05:04:16][INFO][Initialization.task][65] Setting up credential values in the output report
[29-09-2021 05:04:17][INFO][Initialization.task][74] Calling OpenExchange API for determining exchange rate.
[29-09-2021 05:04:19][INFO][Air_Ticket_Enquiry_Process.flow][0] Determine“Exception？”The result is false
[29-09-2021 05:04:19][INFO][Air_Ticket_Enquiry_Process.flow][0] Enter block Get Southern Data
[29-09-2021 05:04:19][INFO][GetChinaSouthernAirlinesData.task][23] Open Chrome browser and enter the China Southern Airlines webpage
[29-09-2021 05:04:31][INFO][GetChinaSouthernAirlinesData.task][30] The webpage window is maximized
[29-09-2021 05:04:38][INFO][GetChinaSouthernAirlinesData.task][35] The page load return value is: 1 (success:1,failure:0)
[29-09-2021 05:04:38][INFO][GetChinaSouthernAirlinesData.task][49] Entering the search parameters for China Southern Airlines
[29-09-2021 05:05:01][INFO][GetChinaSouthernAirlinesData.task][68] Waiting for the search results to load
[29-09-2021 05:05:07][INFO][GetChinaSouthernAirlinesData.task][76] The page load return value is: 1 (success:1,failure:0)
[29-09-2021 05:05:20][INFO][GetChinaSouthernAirlinesData.task][96] Extracting flight details from the China Southern Airlines webpage.
[29-09-2021 05:05:20][INFO][GetChinaSouthernAirlinesData.task][101] Creating southern airlines data array.
[29-09-2021 05:05:20][ERROR][GetChinaSouthernAirlinesData.task][174] Application exception, failed to open extract data from China Southern Airlines website:{
	"File" : "GetChinaSouthernAirlinesData.task",
	"Line" : 141,
	"Message" : "Only array or dictionary type can be indexed",
	"_InternalState_" : 1
}
[29-09-2021 05:05:20][INFO][Air_Ticket_Enquiry_Process.flow][0] Determine“Business Exception?”The result is true
[29-09-2021 05:05:20][INFO][Air_Ticket_Enquiry_Process.flow][0] Determine“Retry?”The result is false
[29-09-2021 05:05:20][INFO][Air_Ticket_Enquiry_Process.flow][0] Air_Ticket_Enquiry_Process.flow End of running
