[28-09-2021 23:16:09][INFO][][0] Work path has been switched to C:\Users\devne\Documents\Laiye Level - 3\Ticket inquiry_Unattended\
[28-09-2021 23:16:09][INFO][Air_Ticket_Enquiry_Process.flow][0] Process Air_Ticket_Enquiry_Process.flow start running
[28-09-2021 23:16:09][INFO][Air_Ticket_Enquiry_Process.flow][0] Enter block Initialization
[28-09-2021 23:16:30][INFO][Initialization.task][47] Setting up the output report file path
[28-09-2021 23:16:30][WARN][Initialization.task][56] Deleting the output report file as it already exists
[28-09-2021 23:16:30][INFO][Initialization.task][65] Checking if Office is installed
[28-09-2021 23:16:31][INFO][Initialization.task][74] Setting up credential values in the output report
[28-09-2021 23:16:32][INFO][Initialization.task][83] Calling OpenExchange API for determining exchange rate.
[28-09-2021 23:16:34][INFO][Air_Ticket_Enquiry_Process.flow][0] Determine“Exception？”The result is false
[28-09-2021 23:16:34][INFO][Air_Ticket_Enquiry_Process.flow][0] Enter block Get Southern Data
[28-09-2021 23:16:34][INFO][GetChinaSouthernAirlinesData.task][24] Open Chrome browser and enter the China Southern Airlines webpage
[28-09-2021 23:16:46][INFO][GetChinaSouthernAirlinesData.task][31] The webpage window is maximized
[28-09-2021 23:16:58][INFO][GetChinaSouthernAirlinesData.task][36] The page load return value is: 1 (success:1,failure:0)
[28-09-2021 23:16:58][INFO][GetChinaSouthernAirlinesData.task][50] Entering the search parameters for China Southern Airlines
[28-09-2021 23:17:20][INFO][GetChinaSouthernAirlinesData.task][69] Waiting for the search results to load
[28-09-2021 23:17:49][INFO][GetChinaSouthernAirlinesData.task][77] The page load return value is: 1 (success:1,failure:0)
[28-09-2021 23:18:01][INFO][GetChinaSouthernAirlinesData.task][97] Extracting flight details from the China Southern Airlines webpage.
[28-09-2021 23:18:02][INFO][GetChinaSouthernAirlinesData.task][102] Creating southern airlines data array.
[28-09-2021 23:18:02][INFO][Air_Ticket_Enquiry_Process.flow][0] Determine“Business Exception?”The result is false
[28-09-2021 23:18:02][INFO][Air_Ticket_Enquiry_Process.flow][0] Air_Ticket_Enquiry_Process.flow End of running
