[29-09-2021 04:03:58][INFO][][0] Work path has been switched to C:\Users\devne\Documents\Laiye Level - 3\Ticket inquiry_Unattended\
[29-09-2021 04:03:58][INFO][Air_Ticket_Enquiry_Process.flow][0] Process Air_Ticket_Enquiry_Process.flow start running
[29-09-2021 04:03:58][INFO][Air_Ticket_Enquiry_Process.flow][0] Enter block Initialization
[29-09-2021 04:04:14][INFO][Initialization.task][47] Setting up the output report file path
[29-09-2021 04:04:14][WARN][Initialization.task][56] Deleting the output report file as it already exists
[29-09-2021 04:04:14][INFO][Initialization.task][65] Checking if Office is installed
[29-09-2021 04:04:15][INFO][Initialization.task][74] Setting up credential values in the output report
[29-09-2021 04:04:16][INFO][Initialization.task][83] Calling OpenExchange API for determining exchange rate.
[29-09-2021 04:04:18][INFO][Air_Ticket_Enquiry_Process.flow][0] Determine“Exception？”The result is false
[29-09-2021 04:04:18][INFO][Air_Ticket_Enquiry_Process.flow][0] Enter block Get Southern Data
[29-09-2021 04:04:18][INFO][GetChinaSouthernAirlinesData.task][23] Open Chrome browser and enter the China Southern Airlines webpage
[29-09-2021 04:04:39][INFO][GetChinaSouthernAirlinesData.task][30] The webpage window is maximized
[29-09-2021 04:04:57][INFO][GetChinaSouthernAirlinesData.task][35] The page load return value is: 1 (success:1,failure:0)
[29-09-2021 04:04:57][INFO][GetChinaSouthernAirlinesData.task][49] Entering the search parameters for China Southern Airlines
[29-09-2021 04:05:14][ERROR][GetChinaSouthernAirlinesData.task][174] Application exception, failed to open extract data from China Southern Airlines website:{
	"File" : "GetChinaSouthernAirlinesData.task",
	"Line" : 52,
	"Message" : " Call error occurred in Module Mouse.MouseAuto. Action:Exception has been thrown by the target of an invocation.\nException in Mouse.Action,Element not found",
	"_InternalState_" : 1
}
[29-09-2021 04:05:14][INFO][Air_Ticket_Enquiry_Process.flow][0] Determine“Business Exception?”The result is true
[29-09-2021 04:05:14][INFO][Air_Ticket_Enquiry_Process.flow][0] Determine“Retry?”The result is true
[29-09-2021 04:05:14][INFO][Air_Ticket_Enquiry_Process.flow][0] Enter block Process Cleanup
[29-09-2021 04:05:14][INFO][Air_Ticket_Enquiry_Process.flow][0] Enter block Initialization
[29-09-2021 04:05:35][INFO][Initialization.task][47] Setting up the output report file path
[29-09-2021 04:05:35][WARN][Initialization.task][56] Deleting the output report file as it already exists
[29-09-2021 04:05:35][INFO][Initialization.task][65] Checking if Office is installed
[29-09-2021 04:05:35][INFO][Initialization.task][74] Setting up credential values in the output report
[29-09-2021 04:05:36][INFO][Initialization.task][83] Calling OpenExchange API for determining exchange rate.
[29-09-2021 04:05:39][INFO][Air_Ticket_Enquiry_Process.flow][0] Determine“Exception？”The result is false
[29-09-2021 04:05:39][INFO][Air_Ticket_Enquiry_Process.flow][0] Enter block Get Southern Data
[29-09-2021 04:05:39][INFO][GetChinaSouthernAirlinesData.task][23] Open Chrome browser and enter the China Southern Airlines webpage
[29-09-2021 04:05:51][INFO][GetChinaSouthernAirlinesData.task][30] The webpage window is maximized
[29-09-2021 04:06:04][INFO][GetChinaSouthernAirlinesData.task][35] The page load return value is: 1 (success:1,failure:0)
[29-09-2021 04:06:04][INFO][GetChinaSouthernAirlinesData.task][49] Entering the search parameters for China Southern Airlines
[29-09-2021 04:06:21][ERROR][GetChinaSouthernAirlinesData.task][174] Application exception, failed to open extract data from China Southern Airlines website:{
	"File" : "GetChinaSouthernAirlinesData.task",
	"Line" : 52,
	"Message" : " Call error occurred in Module Mouse.MouseAuto. Action:Exception has been thrown by the target of an invocation.\nException in Mouse.Action,Element not found",
	"_InternalState_" : 1
}
[29-09-2021 04:06:21][INFO][Air_Ticket_Enquiry_Process.flow][0] Determine“Business Exception?”The result is true
[29-09-2021 04:06:21][INFO][Air_Ticket_Enquiry_Process.flow][0] Determine“Retry?”The result is true
[29-09-2021 04:06:21][INFO][Air_Ticket_Enquiry_Process.flow][0] Enter block Process Cleanup
[29-09-2021 04:06:22][INFO][Air_Ticket_Enquiry_Process.flow][0] Enter block Initialization
[29-09-2021 04:06:27][INFO][Air_Ticket_Enquiry_Process.flow][0] Air_Ticket_Enquiry_Process.flow End of running
