[28-09-2021 01:31:42][INFO][][0] Work path has been switched to C:\Users\devne\Documents\Laiye Level - 3\Ticket inquiry_Unattended\
[28-09-2021 01:31:42][INFO][Air_Ticket_Enquiry_Process.flow][0] Process Air_Ticket_Enquiry_Process.flow start running
[28-09-2021 01:31:43][INFO][Air_Ticket_Enquiry_Process.flow][0] Enter block Initialization
[28-09-2021 01:32:02][INFO][Initialization.task][47] Setting up the output report file path
[28-09-2021 01:32:02][WARN][Initialization.task][56] Deleting the output report file as it already exists
[28-09-2021 01:32:02][INFO][Initialization.task][65] Checking if Office is installed
[28-09-2021 01:32:04][INFO][Initialization.task][74] Setting up credential values in the output report
[28-09-2021 01:32:05][WARN][Initialization.task][82] Killing running chrome processes as a part of initial cleanup
[28-09-2021 01:32:05][WARN][Initialization.task][86] Killing running chrome processes as a part of initial cleanup
[28-09-2021 01:32:06][INFO][Air_Ticket_Enquiry_Process.flow][0] Determine“Exception？”The result is false
[28-09-2021 01:32:06][INFO][Air_Ticket_Enquiry_Process.flow][0] Enter block Get Southern Data
[28-09-2021 01:32:06][INFO][GetChinaSouthernAirlinesData.task][19] Open Chrome browser and enter the China Southern Airlines webpage
[28-09-2021 01:32:18][INFO][GetChinaSouthernAirlinesData.task][26] The webpage window is maximized
[28-09-2021 01:32:27][INFO][GetChinaSouthernAirlinesData.task][31] The page load return value is: 1 (success:1,failure:0)
[28-09-2021 01:32:27][INFO][GetChinaSouthernAirlinesData.task][47] Entering the search parameters for China Southern Airlines
[28-09-2021 01:32:50][INFO][GetChinaSouthernAirlinesData.task][67] Waiting for the search results to load
[28-09-2021 01:32:54][INFO][GetChinaSouthernAirlinesData.task][71] The page load return value is: 1 (success:1,failure:0)
[28-09-2021 01:32:54][INFO][GetChinaSouthernAirlinesData.task][87] Extracting flight details from the China Southern Airlines webpage.
[28-09-2021 01:32:54][INFO][Air_Ticket_Enquiry_Process.flow][0] Determine“Business Exception?”The result is false
[28-09-2021 01:32:54][INFO][Air_Ticket_Enquiry_Process.flow][0] Air_Ticket_Enquiry_Process.flow End of running
