[29-09-2021 17:53:31][INFO][][0] Work path has been switched to C:\Users\devne\Documents\Laiye Level - 3\Ticket inquiry_Unattended\
[29-09-2021 17:53:31][INFO][Air_Ticket_Enquiry_Process.flow][0] Process Air_Ticket_Enquiry_Process.flow start running
[29-09-2021 17:53:31][INFO][Air_Ticket_Enquiry_Process.flow][0] Enter block Initialization
[29-09-2021 17:53:31][INFO][Initialization.task][32] Fetching Laiye commander parameters and credentials details from server
[29-09-2021 17:53:57][INFO][Initialization.task][34] Laiye commander parameters and credentials details fetched successfully
[29-09-2021 17:53:57][INFO][Initialization.task][39] Setting up the output report file path
[29-09-2021 17:53:57][WARN][Initialization.task][48] Deleting the output report file as it already exists
[29-09-2021 17:53:57][INFO][Initialization.task][55] Checking if configuration file exists
[29-09-2021 17:53:57][INFO][Initialization.task][67] Fetching configuration details
[29-09-2021 17:53:58][INFO][Initialization.task][69] Configuration details fetched successfully
[29-09-2021 17:53:58][INFO][Initialization.task][81] Checking if Office is installed
[29-09-2021 17:53:59][INFO][Initialization.task][90] Setting up credential values in the output report
[29-09-2021 17:54:00][INFO][Initialization.task][99] Calling OpenExchange API for determining exchange rate.
[29-09-2021 17:54:03][INFO][Air_Ticket_Enquiry_Process.flow][0] Determine“Exception？”The result is false
[29-09-2021 17:54:03][INFO][Air_Ticket_Enquiry_Process.flow][0] Enter block Get Southern Data
[29-09-2021 17:54:03][INFO][GetChinaSouthernAirlinesData.task][23] Open Chrome browser and enter the China Southern Airlines webpage
[29-09-2021 17:54:10][INFO][GetChinaSouthernAirlinesData.task][30] The webpage window is maximized
[29-09-2021 17:54:36][INFO][GetChinaSouthernAirlinesData.task][35] The page load return value is: 1 (success:1,failure:0)
[29-09-2021 17:54:36][INFO][GetChinaSouthernAirlinesData.task][49] Entering the search parameters for China Southern Airlines
[29-09-2021 17:55:09][ERROR][GetChinaSouthernAirlinesData.task][182] Application exception, failed to open extract data from China Southern Airlines website:{
	"File" : "GetChinaSouthernAirlinesData.task",
	"Line" : 52,
	"Message" : " Call error occurred in Module Mouse.MouseAuto. Action:Exception has been thrown by the target of an invocation.\nException in Mouse.Action,Element not found",
	"_InternalState_" : 1
}
[29-09-2021 17:55:09][INFO][Air_Ticket_Enquiry_Process.flow][0] Determine“Business Exception?”The result is true
[29-09-2021 17:55:09][INFO][Air_Ticket_Enquiry_Process.flow][0] Determine“Retry?”The result is true
[29-09-2021 17:55:09][INFO][Air_Ticket_Enquiry_Process.flow][0] Enter block Initialization
[29-09-2021 17:55:09][INFO][Initialization.task][32] Fetching Laiye commander parameters and credentials details from server
[29-09-2021 17:55:39][INFO][Initialization.task][34] Laiye commander parameters and credentials details fetched successfully
[29-09-2021 17:55:39][INFO][Initialization.task][39] Setting up the output report file path
[29-09-2021 17:55:39][WARN][Initialization.task][48] Deleting the output report file as it already exists
[29-09-2021 17:55:39][INFO][Initialization.task][55] Checking if configuration file exists
[29-09-2021 17:55:39][INFO][Initialization.task][67] Fetching configuration details
[29-09-2021 17:55:41][INFO][Initialization.task][69] Configuration details fetched successfully
[29-09-2021 17:55:41][INFO][Initialization.task][81] Checking if Office is installed
[29-09-2021 17:55:42][INFO][Initialization.task][90] Setting up credential values in the output report
[29-09-2021 17:55:43][INFO][Initialization.task][99] Calling OpenExchange API for determining exchange rate.
[29-09-2021 17:55:49][INFO][Air_Ticket_Enquiry_Process.flow][0] Determine“Exception？”The result is false
[29-09-2021 17:55:49][INFO][Air_Ticket_Enquiry_Process.flow][0] Enter block Get Southern Data
[29-09-2021 17:55:49][INFO][GetChinaSouthernAirlinesData.task][23] Open Chrome browser and enter the China Southern Airlines webpage
[29-09-2021 17:55:56][INFO][GetChinaSouthernAirlinesData.task][30] The webpage window is maximized
[29-09-2021 17:56:07][INFO][GetChinaSouthernAirlinesData.task][35] The page load return value is: 1 (success:1,failure:0)
[29-09-2021 17:56:08][INFO][GetChinaSouthernAirlinesData.task][49] Entering the search parameters for China Southern Airlines
[29-09-2021 17:56:19][INFO][GetChinaSouthernAirlinesData.task][77] Waiting for the search results to load
[29-09-2021 17:56:50][INFO][GetChinaSouthernAirlinesData.task][85] The page load return value is: 0 (success:1,failure:0)
[29-09-2021 17:56:57][INFO][GetChinaSouthernAirlinesData.task][106] Extracting flight details from the China Southern Airlines webpage.
[29-09-2021 17:57:00][INFO][GetChinaSouthernAirlinesData.task][111] Creating southern airlines data array.
[29-09-2021 17:57:00][WARN][GetChinaSouthernAirlinesData.task][171] Closing chinese southern airlines webpage
[29-09-2021 17:57:00][INFO][Air_Ticket_Enquiry_Process.flow][0] Determine“Business Exception?”The result is false
[29-09-2021 17:57:00][INFO][Air_Ticket_Enquiry_Process.flow][0] Enter block Get Eastern Data
[29-09-2021 17:57:00][INFO][GetChinaEasternAirlinesData.task][23] Open Chrome browser and enter the China Eastern Airlines webpage
[29-09-2021 17:57:12][INFO][GetChinaEasternAirlinesData.task][30] The webpage window is maximized
[29-09-2021 17:57:36][INFO][GetChinaEasternAirlinesData.task][35] The page load return value is: 1 (success:1,failure:0)
[29-09-2021 17:57:36][INFO][GetChinaEasternAirlinesData.task][49] Entering the search parameters for China Eastern Airlines
[29-09-2021 17:57:56][INFO][GetChinaEasternAirlinesData.task][85] Waiting for the search results to load
[29-09-2021 17:58:14][INFO][GetChinaEasternAirlinesData.task][90] The page load return value is: 1 (success:1,failure:0)
[29-09-2021 17:58:27][INFO][GetChinaEasternAirlinesData.task][108] Extracting flight details from the China Eastern Airlines webpage.
[29-09-2021 17:58:33][INFO][GetChinaEasternAirlinesData.task][113] Creating eastern airlines data array.
[29-09-2021 17:58:33][WARN][GetChinaEasternAirlinesData.task][194] Killing running chrome processes as a part of initial cleanup
[29-09-2021 17:58:34][INFO][Air_Ticket_Enquiry_Process.flow][0] Determine“Business Exception?”The result is false
[29-09-2021 17:58:34][INFO][Air_Ticket_Enquiry_Process.flow][0] Enter block Get Trip Data
[29-09-2021 17:58:34][INFO][GetTripData.task][23] Open Chrome browser and enter the Trip webpage
[29-09-2021 17:58:46][INFO][GetTripData.task][30] The webpage window is maximized
[29-09-2021 17:59:05][INFO][GetTripData.task][35] The page load return value is: 1 (success:1,failure:0)
[29-09-2021 17:59:05][INFO][GetTripData.task][49] Entering the search parameters for Trip
[29-09-2021 18:00:14][INFO][GetTripData.task][91] Waiting for the search results to load
[29-09-2021 18:00:41][INFO][GetTripData.task][96] The page load return value is: 1 (success:1,failure:0)
[29-09-2021 18:00:41][INFO][GetTripData.task][114] Extracting flight details from the Trip webpage.
[29-09-2021 18:00:41][INFO][GetTripData.task][119] Creating trip data array.
[29-09-2021 18:00:41][WARN][GetTripData.task][179] Killing running chrome processes as a part of initial cleanup
[29-09-2021 18:00:42][INFO][Air_Ticket_Enquiry_Process.flow][0] Determine“Business Exception?”The result is false
[29-09-2021 18:00:42][INFO][Air_Ticket_Enquiry_Process.flow][0] Enter block Finalization
[29-09-2021 18:00:42][INFO][Finalization.task][26] Performing the analyis between southern chinese airlines data and trip data
[29-09-2021 18:00:42][INFO][Finalization.task][65] Performing the analyis between eastern chinese airlines data and trip data
[29-09-2021 18:00:42][INFO][Finalization.task][104] Sorting the final output array in ascending order as per economy class fare
[29-09-2021 18:00:42][INFO][Finalization.task][112] Opening the output report file for generation of output data
[29-09-2021 18:00:43][INFO][Finalization.task][116] Writing final data to output report file
[29-09-2021 18:00:43][INFO][Finalization.task][121] Closing the output report file
[29-09-2021 18:00:43][INFO][Finalization.task][127] Sending output report email to business
[29-09-2021 18:00:43][ERROR][Finalization.task][133] Application exception, failed to generate output report and send email to Business:{
	"File" : "CommonFunction.task",
	"Line" : 67,
	"Message" : " Call error occurred in Module Outlook. SendMail:SendMail abnormal\nParameter 5 Must be \"html\"/\"text\"",
	"_InternalState_" : 1
}
[29-09-2021 18:00:43][INFO][Air_Ticket_Enquiry_Process.flow][0] Determine“Business Exception?”The result is true
[29-09-2021 18:00:43][INFO][Air_Ticket_Enquiry_Process.flow][0] Determine“Retry?”The result is true
[29-09-2021 18:00:43][INFO][Air_Ticket_Enquiry_Process.flow][0] Enter block Initialization
[29-09-2021 18:00:43][INFO][Initialization.task][32] Fetching Laiye commander parameters and credentials details from server
[29-09-2021 18:01:00][INFO][Initialization.task][34] Laiye commander parameters and credentials details fetched successfully
[29-09-2021 18:01:00][INFO][Initialization.task][39] Setting up the output report file path
[29-09-2021 18:01:00][WARN][Initialization.task][48] Deleting the output report file as it already exists
[29-09-2021 18:01:00][INFO][Initialization.task][55] Checking if configuration file exists
[29-09-2021 18:01:00][INFO][Initialization.task][67] Fetching configuration details
[29-09-2021 18:01:02][INFO][Initialization.task][69] Configuration details fetched successfully
[29-09-2021 18:01:02][INFO][Initialization.task][81] Checking if Office is installed
[29-09-2021 18:01:03][INFO][Initialization.task][90] Setting up credential values in the output report
[29-09-2021 18:01:04][INFO][Initialization.task][99] Calling OpenExchange API for determining exchange rate.
[29-09-2021 18:01:07][INFO][Air_Ticket_Enquiry_Process.flow][0] Determine“Exception？”The result is false
[29-09-2021 18:01:07][INFO][Air_Ticket_Enquiry_Process.flow][0] Enter block Get Southern Data
[29-09-2021 18:01:07][INFO][GetChinaSouthernAirlinesData.task][23] Open Chrome browser and enter the China Southern Airlines webpage
[29-09-2021 18:01:14][INFO][GetChinaSouthernAirlinesData.task][30] The webpage window is maximized
[29-09-2021 18:01:25][INFO][Air_Ticket_Enquiry_Process.flow][0] Air_Ticket_Enquiry_Process.flow End of running
