[29-09-2021 22:07:06][INFO][][0] Work path has been switched to C:\Users\devne\Documents\Laiye Level - 3\Ticket inquiry_Unattended\
[29-09-2021 22:07:06][INFO][Air_Ticket_Enquiry_Process.flow][0] Process Air_Ticket_Enquiry_Process.flow start running
[29-09-2021 22:07:06][INFO][Air_Ticket_Enquiry_Process.flow][0] Enter block Initialization
[29-09-2021 22:07:06][INFO][Initialization.task][32] Fetching Laiye commander parameters and credentials details from server
[29-09-2021 22:07:31][INFO][Initialization.task][34] Laiye commander parameters and credentials details fetched successfully
[29-09-2021 22:07:31][INFO][Initialization.task][39] Setting up the output report file path
[29-09-2021 22:07:31][WARN][Initialization.task][48] Deleting the output report file as it already exists
[29-09-2021 22:07:31][INFO][Initialization.task][55] Checking if configuration file exists
[29-09-2021 22:07:31][INFO][Initialization.task][67] Fetching configuration details
[29-09-2021 22:07:34][INFO][Initialization.task][69] Configuration details fetched successfully
[29-09-2021 22:07:34][INFO][Initialization.task][74] Cleaning up all applications
[29-09-2021 22:07:34][INFO][Initialization.task][86] Checking if Office is installed
[29-09-2021 22:07:35][INFO][Initialization.task][95] Setting up credential values in the output report
[29-09-2021 22:07:36][INFO][Initialization.task][104] Calling OpenExchange API for determining exchange rate.
[29-09-2021 22:07:38][INFO][Air_Ticket_Enquiry_Process.flow][0] Determine“Exception？”The result is false
[29-09-2021 22:07:38][INFO][Air_Ticket_Enquiry_Process.flow][0] Enter block Get Southern Data
[29-09-2021 22:07:38][INFO][GetChinaSouthernAirlinesData.task][23] Open Chrome browser and enter the China Southern Airlines webpage
[29-09-2021 22:07:45][INFO][GetChinaSouthernAirlinesData.task][30] The webpage window is maximized
[29-09-2021 22:08:00][INFO][GetChinaSouthernAirlinesData.task][35] The page load return value is: 1 (success:1,failure:0)
[29-09-2021 22:08:00][INFO][GetChinaSouthernAirlinesData.task][49] Entering the search parameters for China Southern Airlines
[29-09-2021 22:08:35][ERROR][GetChinaSouthernAirlinesData.task][182] Application exception, failed to open extract data from China Southern Airlines website:{
	"File" : "GetChinaSouthernAirlinesData.task",
	"Line" : 52,
	"Message" : " Call error occurred in Module Mouse.MouseAuto. Action:Exception has been thrown by the target of an invocation.\nException in Mouse.Action,Element not found",
	"_InternalState_" : 1
}
[29-09-2021 22:08:35][INFO][Air_Ticket_Enquiry_Process.flow][0] Determine“Business Exception?”The result is true
[29-09-2021 22:08:35][INFO][Air_Ticket_Enquiry_Process.flow][0] Determine“Retry?”The result is true
[29-09-2021 22:08:35][INFO][Air_Ticket_Enquiry_Process.flow][0] Enter block Initialization
[29-09-2021 22:08:35][INFO][Initialization.task][32] Fetching Laiye commander parameters and credentials details from server
[29-09-2021 22:09:01][INFO][Initialization.task][34] Laiye commander parameters and credentials details fetched successfully
[29-09-2021 22:09:01][INFO][Initialization.task][39] Setting up the output report file path
[29-09-2021 22:09:01][WARN][Initialization.task][48] Deleting the output report file as it already exists
[29-09-2021 22:09:01][INFO][Initialization.task][55] Checking if configuration file exists
[29-09-2021 22:09:01][INFO][Initialization.task][67] Fetching configuration details
[29-09-2021 22:09:03][INFO][Initialization.task][69] Configuration details fetched successfully
[29-09-2021 22:09:03][INFO][Initialization.task][74] Cleaning up all applications
[29-09-2021 22:09:03][INFO][Initialization.task][86] Checking if Office is installed
[29-09-2021 22:09:04][INFO][Initialization.task][95] Setting up credential values in the output report
[29-09-2021 22:09:05][INFO][Initialization.task][104] Calling OpenExchange API for determining exchange rate.
[29-09-2021 22:09:09][INFO][Air_Ticket_Enquiry_Process.flow][0] Determine“Exception？”The result is false
[29-09-2021 22:09:09][INFO][Air_Ticket_Enquiry_Process.flow][0] Enter block Get Southern Data
[29-09-2021 22:09:09][INFO][GetChinaSouthernAirlinesData.task][23] Open Chrome browser and enter the China Southern Airlines webpage
[29-09-2021 22:09:17][INFO][GetChinaSouthernAirlinesData.task][30] The webpage window is maximized
[29-09-2021 22:09:33][INFO][GetChinaSouthernAirlinesData.task][35] The page load return value is: 1 (success:1,failure:0)
[29-09-2021 22:09:33][INFO][GetChinaSouthernAirlinesData.task][49] Entering the search parameters for China Southern Airlines
[29-09-2021 22:10:09][INFO][Air_Ticket_Enquiry_Process.flow][0] Air_Ticket_Enquiry_Process.flow End of running
