[29-09-2021 14:24:44][INFO][][0] Work path has been switched to C:\Users\devne\Documents\Laiye Level - 3\Ticket inquiry_Unattended\
[29-09-2021 14:24:44][INFO][Air_Ticket_Enquiry_Process.flow][0] Process Air_Ticket_Enquiry_Process.flow start running
[29-09-2021 14:24:44][INFO][Air_Ticket_Enquiry_Process.flow][0] Enter block Initialization
[29-09-2021 14:24:44][INFO][Initialization.task][32] Fetching Laiye commander parameters and credentials details from server
[29-09-2021 14:25:01][INFO][Initialization.task][34] Laiye commander parameters and credentials details fetched successfully
[29-09-2021 14:25:01][INFO][Initialization.task][39] Setting up the output report file path
[29-09-2021 14:25:01][WARN][Initialization.task][48] Deleting the output report file as it already exists
[29-09-2021 14:25:01][INFO][Initialization.task][55] Checking if configuration file exists
[29-09-2021 14:25:01][INFO][Initialization.task][67] Fetching configuration details
[29-09-2021 14:25:03][INFO][Initialization.task][69] Configuration details fetched successfully
[29-09-2021 14:25:04][INFO][Initialization.task][81] Checking if Office is installed
[29-09-2021 14:25:05][INFO][Initialization.task][90] Setting up credential values in the output report
[29-09-2021 14:25:06][INFO][Initialization.task][99] Calling OpenExchange API for determining exchange rate.
[29-09-2021 14:25:09][INFO][Air_Ticket_Enquiry_Process.flow][0] Determine“Exception？”The result is false
[29-09-2021 14:25:09][INFO][Air_Ticket_Enquiry_Process.flow][0] Enter block Get Southern Data
[29-09-2021 14:25:09][INFO][GetChinaSouthernAirlinesData.task][23] Open Chrome browser and enter the China Southern Airlines webpage
[29-09-2021 14:25:16][INFO][GetChinaSouthernAirlinesData.task][30] The webpage window is maximized
[29-09-2021 14:25:30][INFO][GetChinaSouthernAirlinesData.task][35] The page load return value is: 1 (success:1,failure:0)
[29-09-2021 14:25:30][INFO][GetChinaSouthernAirlinesData.task][49] Entering the search parameters for China Southern Airlines
[29-09-2021 14:26:01][INFO][Air_Ticket_Enquiry_Process.flow][0] Air_Ticket_Enquiry_Process.flow End of running
