[29-09-2021 22:10:29][INFO][][0] Work path has been switched to C:\Users\devne\Documents\Laiye Level - 3\Ticket inquiry_Unattended\
[29-09-2021 22:10:29][INFO][Air_Ticket_Enquiry_Process.flow][0] Process Air_Ticket_Enquiry_Process.flow start running
[29-09-2021 22:10:29][INFO][Air_Ticket_Enquiry_Process.flow][0] Enter block Initialization
[29-09-2021 22:10:29][INFO][Initialization.task][32] Fetching Laiye commander parameters and credentials details from server
[29-09-2021 22:10:52][INFO][Initialization.task][34] Laiye commander parameters and credentials details fetched successfully
[29-09-2021 22:10:52][INFO][Initialization.task][39] Setting up the output report file path
[29-09-2021 22:10:52][WARN][Initialization.task][48] Deleting the output report file as it already exists
[29-09-2021 22:10:52][INFO][Initialization.task][55] Checking if configuration file exists
[29-09-2021 22:10:52][INFO][Initialization.task][67] Fetching configuration details
[29-09-2021 22:10:53][INFO][Initialization.task][69] Configuration details fetched successfully
[29-09-2021 22:10:53][INFO][Initialization.task][74] Cleaning up all applications
[29-09-2021 22:10:54][INFO][Initialization.task][86] Checking if Office is installed
[29-09-2021 22:10:54][INFO][Initialization.task][95] Setting up credential values in the output report
[29-09-2021 22:10:55][INFO][Initialization.task][104] Calling OpenExchange API for determining exchange rate.
[29-09-2021 22:10:58][INFO][Air_Ticket_Enquiry_Process.flow][0] Determine“Exception？”The result is false
[29-09-2021 22:10:58][INFO][Air_Ticket_Enquiry_Process.flow][0] Enter block Get Southern Data
[29-09-2021 22:10:58][INFO][GetChinaSouthernAirlinesData.task][23] Open Chrome browser and enter the China Southern Airlines webpage
[29-09-2021 22:11:06][INFO][GetChinaSouthernAirlinesData.task][30] The webpage window is maximized
[29-09-2021 22:11:32][INFO][GetChinaSouthernAirlinesData.task][35] The page load return value is: 1 (success:1,failure:0)
[29-09-2021 22:11:32][INFO][GetChinaSouthernAirlinesData.task][49] Entering the search parameters for China Southern Airlines
[29-09-2021 22:12:06][ERROR][GetChinaSouthernAirlinesData.task][182] Application exception, failed to open extract data from China Southern Airlines website:{
	"File" : "GetChinaSouthernAirlinesData.task",
	"Line" : 52,
	"Message" : " Call error occurred in Module Mouse.MouseAuto. Action:Exception has been thrown by the target of an invocation.\nException in Mouse.Action,Element not found",
	"_InternalState_" : 1
}
[29-09-2021 22:12:06][INFO][Air_Ticket_Enquiry_Process.flow][0] Determine“Business Exception?”The result is true
[29-09-2021 22:12:06][INFO][Air_Ticket_Enquiry_Process.flow][0] Determine“Retry?”The result is true
[29-09-2021 22:12:06][INFO][Air_Ticket_Enquiry_Process.flow][0] Enter block Initialization
[29-09-2021 22:12:06][INFO][Initialization.task][32] Fetching Laiye commander parameters and credentials details from server
[29-09-2021 22:12:27][INFO][Initialization.task][34] Laiye commander parameters and credentials details fetched successfully
[29-09-2021 22:12:27][INFO][Initialization.task][39] Setting up the output report file path
[29-09-2021 22:12:27][WARN][Initialization.task][48] Deleting the output report file as it already exists
[29-09-2021 22:12:27][INFO][Initialization.task][55] Checking if configuration file exists
[29-09-2021 22:12:27][INFO][Initialization.task][67] Fetching configuration details
[29-09-2021 22:12:28][INFO][Initialization.task][69] Configuration details fetched successfully
[29-09-2021 22:12:28][INFO][Initialization.task][74] Cleaning up all applications
[29-09-2021 22:12:29][INFO][Initialization.task][86] Checking if Office is installed
[29-09-2021 22:12:30][INFO][Initialization.task][95] Setting up credential values in the output report
[29-09-2021 22:12:31][INFO][Initialization.task][104] Calling OpenExchange API for determining exchange rate.
[29-09-2021 22:12:32][INFO][Air_Ticket_Enquiry_Process.flow][0] Determine“Exception？”The result is false
[29-09-2021 22:12:32][INFO][Air_Ticket_Enquiry_Process.flow][0] Enter block Get Southern Data
[29-09-2021 22:12:33][INFO][GetChinaSouthernAirlinesData.task][23] Open Chrome browser and enter the China Southern Airlines webpage
[29-09-2021 22:12:40][INFO][GetChinaSouthernAirlinesData.task][30] The webpage window is maximized
[29-09-2021 22:12:55][INFO][GetChinaSouthernAirlinesData.task][35] The page load return value is: 1 (success:1,failure:0)
[29-09-2021 22:12:55][INFO][GetChinaSouthernAirlinesData.task][49] Entering the search parameters for China Southern Airlines
[29-09-2021 22:13:28][ERROR][GetChinaSouthernAirlinesData.task][182] Application exception, failed to open extract data from China Southern Airlines website:{
	"File" : "GetChinaSouthernAirlinesData.task",
	"Line" : 52,
	"Message" : " Call error occurred in Module Mouse.MouseAuto. Action:Exception has been thrown by the target of an invocation.\nException in Mouse.Action,Element not found",
	"_InternalState_" : 1
}
[29-09-2021 22:13:28][INFO][Air_Ticket_Enquiry_Process.flow][0] Determine“Business Exception?”The result is true
[29-09-2021 22:13:28][INFO][Air_Ticket_Enquiry_Process.flow][0] Determine“Retry?”The result is true
[29-09-2021 22:13:28][INFO][Air_Ticket_Enquiry_Process.flow][0] Enter block Initialization
[29-09-2021 22:13:28][INFO][Initialization.task][32] Fetching Laiye commander parameters and credentials details from server
[29-09-2021 22:13:49][INFO][Initialization.task][34] Laiye commander parameters and credentials details fetched successfully
[29-09-2021 22:13:49][INFO][Initialization.task][39] Setting up the output report file path
[29-09-2021 22:13:49][WARN][Initialization.task][48] Deleting the output report file as it already exists
[29-09-2021 22:13:49][INFO][Initialization.task][55] Checking if configuration file exists
[29-09-2021 22:13:49][INFO][Initialization.task][67] Fetching configuration details
[29-09-2021 22:13:50][INFO][Initialization.task][69] Configuration details fetched successfully
[29-09-2021 22:13:50][INFO][Initialization.task][74] Cleaning up all applications
[29-09-2021 22:13:51][INFO][Initialization.task][86] Checking if Office is installed
[29-09-2021 22:13:52][INFO][Initialization.task][95] Setting up credential values in the output report
[29-09-2021 22:13:53][INFO][Initialization.task][104] Calling OpenExchange API for determining exchange rate.
[29-09-2021 22:13:55][INFO][Air_Ticket_Enquiry_Process.flow][0] Determine“Exception？”The result is false
[29-09-2021 22:13:55][INFO][Air_Ticket_Enquiry_Process.flow][0] Enter block Get Southern Data
[29-09-2021 22:13:55][INFO][GetChinaSouthernAirlinesData.task][23] Open Chrome browser and enter the China Southern Airlines webpage
[29-09-2021 22:14:02][INFO][GetChinaSouthernAirlinesData.task][30] The webpage window is maximized
[29-09-2021 22:14:19][INFO][GetChinaSouthernAirlinesData.task][35] The page load return value is: 1 (success:1,failure:0)
[29-09-2021 22:14:19][INFO][GetChinaSouthernAirlinesData.task][49] Entering the search parameters for China Southern Airlines
[29-09-2021 22:14:53][ERROR][GetChinaSouthernAirlinesData.task][182] Application exception, failed to open extract data from China Southern Airlines website:{
	"File" : "GetChinaSouthernAirlinesData.task",
	"Line" : 52,
	"Message" : " Call error occurred in Module Mouse.MouseAuto. Action:Exception has been thrown by the target of an invocation.\nException in Mouse.Action,Element not found",
	"_InternalState_" : 1
}
[29-09-2021 22:14:53][INFO][Air_Ticket_Enquiry_Process.flow][0] Determine“Business Exception?”The result is true
[29-09-2021 22:14:53][INFO][Air_Ticket_Enquiry_Process.flow][0] Determine“Retry?”The result is false
[29-09-2021 22:14:53][INFO][Air_Ticket_Enquiry_Process.flow][0] Enter block Notify Exception
[29-09-2021 22:14:53][INFO][ExceptionNotifier.task][15] Creating the email body for the exception mail to be sent out.
[29-09-2021 22:14:53][INFO][ExceptionNotifier.task][20] Sending exception email to business
[29-09-2021 22:15:03][INFO][ExceptionNotifier.task][22] The exception email got sent out to business successfully
[29-09-2021 22:15:03][INFO][ExceptionNotifier.task][27] Cleaning up all applications
[29-09-2021 22:15:03][INFO][Air_Ticket_Enquiry_Process.flow][0] Air_Ticket_Enquiry_Process.flow End of running
