[30-09-2021 17:51:58][INFO][][0] Work path has been switched to C:\Users\devne\Documents\Laiye Level - 3\Coding\Ticket inquiry_Unattended\
[30-09-2021 17:51:58][INFO][Air_Ticket_Enquiry_Process_Unattended.flow][0] Process Air_Ticket_Enquiry_Process_Unattended.flow start running
[30-09-2021 17:51:58][INFO][Air_Ticket_Enquiry_Process_Unattended.flow][0] Enter block Initialization
[30-09-2021 17:51:58][INFO][Initialization.task][37] Fetching Laiye commander parameters and credentials details from server
[30-09-2021 17:52:48][INFO][Initialization.task][39] Laiye commander parameters and credentials details fetched successfully
[30-09-2021 17:52:48][INFO][Initialization.task][44] Setting up the output report file path
[30-09-2021 17:52:48][WARN][Initialization.task][53] Deleting the output report file as it already exists
[30-09-2021 17:52:48][INFO][Initialization.task][60] Checking if configuration file exists
[30-09-2021 17:52:48][INFO][Initialization.task][72] Fetching configuration details
[30-09-2021 17:52:49][INFO][Initialization.task][74] Configuration details fetched successfully
[30-09-2021 17:52:49][INFO][Initialization.task][79] Cleaning up all applications
[30-09-2021 17:52:49][INFO][Initialization.task][91] Checking if Office is installed
[30-09-2021 17:52:50][INFO][Initialization.task][100] Setting up credential values in the output report
[30-09-2021 17:52:51][INFO][Initialization.task][109] Calling OpenExchange API for determining exchange rate.
[30-09-2021 17:52:54][INFO][Air_Ticket_Enquiry_Process_Unattended.flow][0] Determine“Exception？”The result is false
[30-09-2021 17:52:54][INFO][Air_Ticket_Enquiry_Process_Unattended.flow][0] Enter block Get Southern Data
[30-09-2021 17:52:54][INFO][GetChinaSouthernAirlinesData.task][36] Open Chrome browser and enter the China Southern Airlines webpage
[30-09-2021 17:53:01][INFO][GetChinaSouthernAirlinesData.task][43] The webpage window is maximized
[30-09-2021 17:53:22][INFO][GetChinaSouthernAirlinesData.task][48] The page load return value is: 1 (success:1,failure:0)
[30-09-2021 17:53:22][INFO][GetChinaSouthernAirlinesData.task][63] Entering the search parameters for China Southern Airlines
[30-09-2021 17:53:47][ERROR][GetChinaSouthernAirlinesData.task][191] Application exception, failed to open extract data from China Southern Airlines website:{
	"File" : "GetChinaSouthernAirlinesData.task",
	"Line" : 79,
	"Message" : " Call error occurred in Module Mouse.MouseAuto. Action:Exception has been thrown by the target of an invocation.\nException in Mouse.Action,Element not found",
	"_InternalState_" : 1
}
[30-09-2021 17:53:47][INFO][Air_Ticket_Enquiry_Process_Unattended.flow][0] Determine“Business Exception?”The result is true
[30-09-2021 17:53:47][INFO][Air_Ticket_Enquiry_Process_Unattended.flow][0] Determine“Retry?”The result is true
[30-09-2021 17:53:47][INFO][Air_Ticket_Enquiry_Process_Unattended.flow][0] Enter block Initialization
[30-09-2021 17:53:47][INFO][Initialization.task][37] Fetching Laiye commander parameters and credentials details from server
[30-09-2021 17:54:37][INFO][Initialization.task][39] Laiye commander parameters and credentials details fetched successfully
[30-09-2021 17:54:37][INFO][Initialization.task][44] Setting up the output report file path
[30-09-2021 17:54:37][WARN][Initialization.task][53] Deleting the output report file as it already exists
[30-09-2021 17:54:37][INFO][Initialization.task][60] Checking if configuration file exists
[30-09-2021 17:54:37][INFO][Initialization.task][72] Fetching configuration details
[30-09-2021 17:54:38][INFO][Initialization.task][74] Configuration details fetched successfully
[30-09-2021 17:54:38][INFO][Initialization.task][79] Cleaning up all applications
[30-09-2021 17:54:38][INFO][Initialization.task][91] Checking if Office is installed
[30-09-2021 17:54:39][INFO][Initialization.task][100] Setting up credential values in the output report
[30-09-2021 17:54:40][INFO][Initialization.task][109] Calling OpenExchange API for determining exchange rate.
[30-09-2021 17:54:43][INFO][Air_Ticket_Enquiry_Process_Unattended.flow][0] Determine“Exception？”The result is false
[30-09-2021 17:54:43][INFO][Air_Ticket_Enquiry_Process_Unattended.flow][0] Enter block Get Southern Data
[30-09-2021 17:54:43][INFO][GetChinaSouthernAirlinesData.task][36] Open Chrome browser and enter the China Southern Airlines webpage
[30-09-2021 17:54:51][INFO][GetChinaSouthernAirlinesData.task][43] The webpage window is maximized
[30-09-2021 17:55:18][INFO][GetChinaSouthernAirlinesData.task][48] The page load return value is: 1 (success:1,failure:0)
[30-09-2021 17:55:18][INFO][GetChinaSouthernAirlinesData.task][63] Entering the search parameters for China Southern Airlines
[30-09-2021 17:55:29][INFO][GetChinaSouthernAirlinesData.task][86] Waiting for the search results to load
[30-09-2021 17:55:35][INFO][GetChinaSouthernAirlinesData.task][94] The page load return value is: 1 (success:1,failure:0)
[30-09-2021 17:55:46][INFO][GetChinaSouthernAirlinesData.task][115] Extracting flight details from the China Southern Airlines webpage.
[30-09-2021 17:55:52][INFO][GetChinaSouthernAirlinesData.task][120] Creating southern airlines data array.
[30-09-2021 17:55:52][WARN][GetChinaSouthernAirlinesData.task][180] Closing chinese southern airlines webpage
[30-09-2021 17:55:52][INFO][Air_Ticket_Enquiry_Process_Unattended.flow][0] Determine“Business Exception?”The result is false
[30-09-2021 17:55:52][INFO][Air_Ticket_Enquiry_Process_Unattended.flow][0] Enter block Get Eastern Data
[30-09-2021 17:55:52][INFO][GetChinaEasternAirlinesData.task][38] Open Chrome browser and enter the China Eastern Airlines webpage
[30-09-2021 17:55:54][INFO][GetChinaEasternAirlinesData.task][45] The webpage window is maximized
[30-09-2021 17:56:02][INFO][Air_Ticket_Enquiry_Process_Unattended.flow][0] Air_Ticket_Enquiry_Process_Unattended.flow End of running
