[30-09-2021 18:44:45][INFO][][0] Work path has been switched to C:\Users\devne\Documents\Laiye Level - 3\Coding\Ticket inquiry_Unattended\
[30-09-2021 18:44:45][INFO][Air_Ticket_Enquiry_Process_Unattended.flow][0] Process Air_Ticket_Enquiry_Process_Unattended.flow start running
[30-09-2021 18:44:45][INFO][Air_Ticket_Enquiry_Process_Unattended.flow][0] Enter block Initialization
[30-09-2021 18:44:45][INFO][Initialization.task][37] Fetching Laiye commander parameters and credentials details from server
[30-09-2021 18:45:42][INFO][Initialization.task][39] Laiye commander parameters and credentials details fetched successfully
[30-09-2021 18:45:42][INFO][Initialization.task][44] Setting up the output report file path
[30-09-2021 18:45:42][WARN][Initialization.task][53] Deleting the output report file as it already exists
[30-09-2021 18:45:42][INFO][Initialization.task][60] Checking if configuration file exists
[30-09-2021 18:45:42][INFO][Initialization.task][72] Fetching configuration details
[30-09-2021 18:45:44][INFO][Initialization.task][74] Configuration details fetched successfully
[30-09-2021 18:45:44][INFO][Initialization.task][79] Cleaning up all applications
[30-09-2021 18:45:44][INFO][Initialization.task][91] Checking if Office is installed
[30-09-2021 18:45:45][INFO][Initialization.task][100] Setting up credential values in the output report
[30-09-2021 18:45:46][INFO][Initialization.task][109] Calling OpenExchange API for determining exchange rate.
[30-09-2021 18:45:48][INFO][Air_Ticket_Enquiry_Process_Unattended.flow][0] Determine“Exception？”The result is false
[30-09-2021 18:45:48][INFO][Air_Ticket_Enquiry_Process_Unattended.flow][0] Enter block Get Southern Data
[30-09-2021 18:45:48][INFO][GetChinaSouthernAirlinesData.task][36] Open Chrome browser and enter the China Southern Airlines webpage
[30-09-2021 18:45:55][INFO][GetChinaSouthernAirlinesData.task][43] The webpage window is maximized
[30-09-2021 18:46:10][INFO][GetChinaSouthernAirlinesData.task][48] The page load return value is: 1 (success:1,failure:0)
[30-09-2021 18:46:10][INFO][GetChinaSouthernAirlinesData.task][63] Entering the search parameters for China Southern Airlines
[30-09-2021 18:46:21][INFO][GetChinaSouthernAirlinesData.task][86] Waiting for the search results to load
[30-09-2021 18:46:29][INFO][GetChinaSouthernAirlinesData.task][94] The page load return value is: 1 (success:1,failure:0)
[30-09-2021 18:46:35][INFO][GetChinaSouthernAirlinesData.task][115] Extracting flight details from the China Southern Airlines webpage.
[30-09-2021 18:46:36][INFO][GetChinaSouthernAirlinesData.task][120] Creating southern airlines data array.
[30-09-2021 18:46:36][WARN][GetChinaSouthernAirlinesData.task][180] Closing chinese southern airlines webpage
[30-09-2021 18:46:36][INFO][Air_Ticket_Enquiry_Process_Unattended.flow][0] Determine“Business Exception?”The result is false
[30-09-2021 18:46:36][INFO][Air_Ticket_Enquiry_Process_Unattended.flow][0] Enter block Get Eastern Data
[30-09-2021 18:46:36][INFO][GetChinaEasternAirlinesData.task][38] Open Chrome browser and enter the China Eastern Airlines webpage
[30-09-2021 18:46:38][INFO][GetChinaEasternAirlinesData.task][45] The webpage window is maximized
[30-09-2021 18:46:49][INFO][Air_Ticket_Enquiry_Process_Unattended.flow][0] Air_Ticket_Enquiry_Process_Unattended.flow End of running
