[28-09-2021 23:01:35][INFO][][0] Work path has been switched to C:\Users\devne\Documents\Laiye Level - 3\Ticket inquiry_Unattended\
[28-09-2021 23:01:35][INFO][Air_Ticket_Enquiry_Process.flow][0] Process Air_Ticket_Enquiry_Process.flow start running
[28-09-2021 23:01:35][INFO][Air_Ticket_Enquiry_Process.flow][0] Enter block Initialization
[28-09-2021 23:01:58][INFO][Initialization.task][47] Setting up the output report file path
[28-09-2021 23:01:58][WARN][Initialization.task][56] Deleting the output report file as it already exists
[28-09-2021 23:01:58][INFO][Initialization.task][65] Checking if Office is installed
[28-09-2021 23:01:59][INFO][Initialization.task][74] Setting up credential values in the output report
[28-09-2021 23:02:00][INFO][Initialization.task][83] Calling OpenExchange API for determining exchange rate.
[28-09-2021 23:02:03][INFO][Air_Ticket_Enquiry_Process.flow][0] Determine“Exception？”The result is false
[28-09-2021 23:02:03][INFO][Air_Ticket_Enquiry_Process.flow][0] Enter block Get Southern Data
[28-09-2021 23:02:03][INFO][GetChinaSouthernAirlinesData.task][24] Open Chrome browser and enter the China Southern Airlines webpage
[28-09-2021 23:02:15][INFO][GetChinaSouthernAirlinesData.task][31] The webpage window is maximized
[28-09-2021 23:02:30][INFO][GetChinaSouthernAirlinesData.task][36] The page load return value is: 1 (success:1,failure:0)
[28-09-2021 23:02:30][INFO][GetChinaSouthernAirlinesData.task][50] Entering the search parameters for China Southern Airlines
[28-09-2021 23:02:47][ERROR][GetChinaSouthernAirlinesData.task][175] Application exception, failed to open extract data from China Southern Airlines website:{
	"File" : "GetChinaSouthernAirlinesData.task",
	"Line" : 53,
	"Message" : " Call error occurred in Module Mouse.MouseAuto. Action:Exception has been thrown by the target of an invocation.\nException in Mouse.Action,Element not found",
	"_InternalState_" : 1
}
[28-09-2021 23:02:47][INFO][Air_Ticket_Enquiry_Process.flow][0] Determine“Business Exception?”The result is true
[28-09-2021 23:02:47][INFO][Air_Ticket_Enquiry_Process.flow][0] Determine“Retry?”The result is true
[28-09-2021 23:02:47][INFO][Air_Ticket_Enquiry_Process.flow][0] Enter block Process Cleanup
[28-09-2021 23:02:47][INFO][Air_Ticket_Enquiry_Process.flow][0] Enter block Initialization
[28-09-2021 23:03:10][INFO][Initialization.task][47] Setting up the output report file path
[28-09-2021 23:03:10][WARN][Initialization.task][56] Deleting the output report file as it already exists
[28-09-2021 23:03:10][INFO][Initialization.task][65] Checking if Office is installed
[28-09-2021 23:03:11][INFO][Initialization.task][74] Setting up credential values in the output report
[28-09-2021 23:03:11][INFO][Initialization.task][83] Calling OpenExchange API for determining exchange rate.
[28-09-2021 23:03:14][INFO][Air_Ticket_Enquiry_Process.flow][0] Determine“Exception？”The result is false
[28-09-2021 23:03:14][INFO][Air_Ticket_Enquiry_Process.flow][0] Enter block Get Southern Data
[28-09-2021 23:03:14][INFO][GetChinaSouthernAirlinesData.task][24] Open Chrome browser and enter the China Southern Airlines webpage
[28-09-2021 23:03:26][INFO][GetChinaSouthernAirlinesData.task][31] The webpage window is maximized
[28-09-2021 23:03:38][INFO][GetChinaSouthernAirlinesData.task][36] The page load return value is: 1 (success:1,failure:0)
[28-09-2021 23:03:38][INFO][GetChinaSouthernAirlinesData.task][50] Entering the search parameters for China Southern Airlines
[28-09-2021 23:03:56][ERROR][GetChinaSouthernAirlinesData.task][175] Application exception, failed to open extract data from China Southern Airlines website:{
	"File" : "GetChinaSouthernAirlinesData.task",
	"Line" : 53,
	"Message" : " Call error occurred in Module Mouse.MouseAuto. Action:Exception has been thrown by the target of an invocation.\nException in Mouse.Action,Element not found",
	"_InternalState_" : 1
}
[28-09-2021 23:03:56][INFO][Air_Ticket_Enquiry_Process.flow][0] Determine“Business Exception?”The result is true
[28-09-2021 23:03:56][INFO][Air_Ticket_Enquiry_Process.flow][0] Determine“Retry?”The result is true
[28-09-2021 23:03:56][INFO][Air_Ticket_Enquiry_Process.flow][0] Enter block Process Cleanup
[28-09-2021 23:03:56][INFO][Air_Ticket_Enquiry_Process.flow][0] Enter block Initialization
[28-09-2021 23:04:45][INFO][Initialization.task][47] Setting up the output report file path
[28-09-2021 23:04:46][WARN][Initialization.task][56] Deleting the output report file as it already exists
[28-09-2021 23:04:46][INFO][Initialization.task][65] Checking if Office is installed
[28-09-2021 23:04:46][INFO][Initialization.task][74] Setting up credential values in the output report
[28-09-2021 23:04:47][INFO][Initialization.task][83] Calling OpenExchange API for determining exchange rate.
[28-09-2021 23:04:51][INFO][Air_Ticket_Enquiry_Process.flow][0] Determine“Exception？”The result is false
[28-09-2021 23:04:51][INFO][Air_Ticket_Enquiry_Process.flow][0] Enter block Get Southern Data
[28-09-2021 23:04:51][INFO][GetChinaSouthernAirlinesData.task][24] Open Chrome browser and enter the China Southern Airlines webpage
[28-09-2021 23:05:03][INFO][GetChinaSouthernAirlinesData.task][31] The webpage window is maximized
[28-09-2021 23:05:24][INFO][GetChinaSouthernAirlinesData.task][36] The page load return value is: 1 (success:1,failure:0)
[28-09-2021 23:05:24][INFO][GetChinaSouthernAirlinesData.task][50] Entering the search parameters for China Southern Airlines
[28-09-2021 23:05:42][ERROR][GetChinaSouthernAirlinesData.task][175] Application exception, failed to open extract data from China Southern Airlines website:{
	"File" : "GetChinaSouthernAirlinesData.task",
	"Line" : 53,
	"Message" : " Call error occurred in Module Mouse.MouseAuto. Action:Exception has been thrown by the target of an invocation.\nException in Mouse.Action,Element not found",
	"_InternalState_" : 1
}
[28-09-2021 23:05:42][INFO][Air_Ticket_Enquiry_Process.flow][0] Determine“Business Exception?”The result is true
[28-09-2021 23:05:42][INFO][Air_Ticket_Enquiry_Process.flow][0] Determine“Retry?”The result is false
[28-09-2021 23:05:42][INFO][Air_Ticket_Enquiry_Process.flow][0] Air_Ticket_Enquiry_Process.flow End of running
