[30-09-2021 01:06:40][INFO][][0] Work path has been switched to C:\Users\devne\Documents\Laiye Level - 3\Ticket inquiry_Attended\
[30-09-2021 01:06:40][INFO][Air_Ticket_Enquiry_Process_Attended.flow][0] Process Air_Ticket_Enquiry_Process_Attended.flow start running
[30-09-2021 01:06:40][INFO][Air_Ticket_Enquiry_Process_Attended.flow][0] Enter block Initialization
[30-09-2021 01:06:40][INFO][Initialization.task][36] Checking if configuration file exists
[30-09-2021 01:06:40][INFO][Initialization.task][48] Fetching configuration details
[30-09-2021 01:06:43][INFO][Initialization.task][50] Configuration details fetched successfully
[30-09-2021 01:06:43][INFO][Initialization.task][55] Setting up the output report file path
[30-09-2021 01:06:43][INFO][Initialization.task][59] Cleaning up all applications
[30-09-2021 01:06:43][INFO][Initialization.task][71] Fetching credentials details from Windows Credential Manager
[30-09-2021 01:06:43][INFO][Initialization.task][73] Credentials details fetched successfully from Windows Credential Manager
[30-09-2021 01:06:43][WARN][Initialization.task][81] Deleting the output report file as it already exists
[30-09-2021 01:06:43][INFO][Initialization.task][88] Checking if Office is installed
[30-09-2021 01:06:44][INFO][Initialization.task][97] Setting up credential values in the output report
[30-09-2021 01:06:45][INFO][Initialization.task][106] Calling OpenExchange API for determining exchange rate.
[30-09-2021 01:06:46][INFO][Air_Ticket_Enquiry_Process_Attended.flow][0] Determine“Exception？”The result is false
[30-09-2021 01:06:46][INFO][Air_Ticket_Enquiry_Process_Attended.flow][0] Enter block Get Southern Data
[30-09-2021 01:06:46][INFO][GetChinaSouthernAirlinesData.task][36] Open Chrome browser and enter the China Southern Airlines webpage
[30-09-2021 01:06:54][INFO][GetChinaSouthernAirlinesData.task][43] The webpage window is maximized
[30-09-2021 01:07:08][INFO][GetChinaSouthernAirlinesData.task][48] The page load return value is: 1 (success:1,failure:0)
[30-09-2021 01:07:08][INFO][GetChinaSouthernAirlinesData.task][63] Entering the search parameters for China Southern Airlines
[30-09-2021 01:07:19][INFO][GetChinaSouthernAirlinesData.task][86] Waiting for the search results to load
[30-09-2021 01:07:40][INFO][GetChinaSouthernAirlinesData.task][94] The page load return value is: 1 (success:1,failure:0)
[30-09-2021 01:07:46][INFO][GetChinaSouthernAirlinesData.task][115] Extracting flight details from the China Southern Airlines webpage.
[30-09-2021 01:07:46][INFO][GetChinaSouthernAirlinesData.task][120] Creating southern airlines data array.
[30-09-2021 01:07:46][WARN][GetChinaSouthernAirlinesData.task][180] Closing chinese southern airlines webpage
[30-09-2021 01:07:47][INFO][Air_Ticket_Enquiry_Process_Attended.flow][0] Determine“Business Exception?”The result is false
[30-09-2021 01:07:47][INFO][Air_Ticket_Enquiry_Process_Attended.flow][0] Enter block Get Eastern Data
[30-09-2021 01:07:47][INFO][GetChinaEasternAirlinesData.task][38] Open Chrome browser and enter the China Eastern Airlines webpage
[30-09-2021 01:07:49][INFO][GetChinaEasternAirlinesData.task][45] The webpage window is maximized
[30-09-2021 01:08:03][INFO][GetChinaEasternAirlinesData.task][50] The page load return value is: 1 (success:1,failure:0)
[30-09-2021 01:08:03][INFO][GetChinaEasternAirlinesData.task][65] Entering the search parameters for China Eastern Airlines
[30-09-2021 01:08:19][ERROR][GetChinaEasternAirlinesData.task][214] Application exception, failed to open extract data from China Eastern Airlines website:{
	"File" : "GetChinaEasternAirlinesData.task",
	"Line" : 83,
	"Message" : " Call error occurred in Module Mouse.MouseAuto. Action:Exception has been thrown by the target of an invocation.\nException in Mouse.Action,Element not found",
	"_InternalState_" : 1
}
[30-09-2021 01:08:19][INFO][Air_Ticket_Enquiry_Process_Attended.flow][0] Determine“Business Exception?”The result is true
[30-09-2021 01:08:19][INFO][Air_Ticket_Enquiry_Process_Attended.flow][0] Determine“Retry?”The result is true
[30-09-2021 01:08:19][INFO][Air_Ticket_Enquiry_Process_Attended.flow][0] Enter block Initialization
[30-09-2021 01:08:19][INFO][Initialization.task][36] Checking if configuration file exists
[30-09-2021 01:08:19][INFO][Initialization.task][48] Fetching configuration details
[30-09-2021 01:08:21][INFO][Initialization.task][50] Configuration details fetched successfully
[30-09-2021 01:08:21][INFO][Initialization.task][55] Setting up the output report file path
[30-09-2021 01:08:21][INFO][Initialization.task][59] Cleaning up all applications
[30-09-2021 01:08:21][INFO][Initialization.task][71] Fetching credentials details from Windows Credential Manager
[30-09-2021 01:08:21][INFO][Initialization.task][73] Credentials details fetched successfully from Windows Credential Manager
[30-09-2021 01:08:21][WARN][Initialization.task][81] Deleting the output report file as it already exists
[30-09-2021 01:08:21][INFO][Initialization.task][88] Checking if Office is installed
[30-09-2021 01:08:22][INFO][Initialization.task][97] Setting up credential values in the output report
[30-09-2021 01:08:23][INFO][Initialization.task][106] Calling OpenExchange API for determining exchange rate.
[30-09-2021 01:08:25][INFO][Air_Ticket_Enquiry_Process_Attended.flow][0] Air_Ticket_Enquiry_Process_Attended.flow End of running
