[30-09-2021 01:39:32][INFO][][0] Work path has been switched to C:\Users\devne\Documents\Laiye Level - 3\Ticket inquiry_Attended\
[30-09-2021 01:39:32][INFO][Air_Ticket_Enquiry_Process_Attended.flow][0] Process Air_Ticket_Enquiry_Process_Attended.flow start running
[30-09-2021 01:39:32][INFO][Air_Ticket_Enquiry_Process_Attended.flow][0] Enter block Initialization
[30-09-2021 01:39:32][INFO][Initialization.task][36] Checking if configuration file exists
[30-09-2021 01:39:32][INFO][Initialization.task][48] Fetching configuration details
[30-09-2021 01:39:34][INFO][Initialization.task][50] Configuration details fetched successfully
[30-09-2021 01:39:34][INFO][Initialization.task][55] Setting up the output report file path
[30-09-2021 01:39:34][INFO][Initialization.task][59] Cleaning up all applications
[30-09-2021 01:39:34][INFO][Initialization.task][71] Fetching credentials details from Windows Credential Manager
[30-09-2021 01:39:34][INFO][Initialization.task][73] Credentials details fetched successfully from Windows Credential Manager
[30-09-2021 01:39:34][WARN][Initialization.task][81] Deleting the output report file as it already exists
[30-09-2021 01:39:34][INFO][Initialization.task][88] Checking if Office is installed
[30-09-2021 01:39:35][INFO][Initialization.task][97] Setting up credential values in the output report
[30-09-2021 01:39:36][INFO][Initialization.task][106] Calling OpenExchange API for determining exchange rate.
[30-09-2021 01:39:37][INFO][Air_Ticket_Enquiry_Process_Attended.flow][0] Determine“Exception？”The result is false
[30-09-2021 01:39:37][INFO][Air_Ticket_Enquiry_Process_Attended.flow][0] Enter block Get Southern Data
[30-09-2021 01:39:37][INFO][GetChinaSouthernAirlinesData.task][36] Open Chrome browser and enter the China Southern Airlines webpage
[30-09-2021 01:39:45][INFO][GetChinaSouthernAirlinesData.task][43] The webpage window is maximized
[30-09-2021 01:40:03][INFO][GetChinaSouthernAirlinesData.task][48] The page load return value is: 1 (success:1,failure:0)
[30-09-2021 01:40:03][INFO][GetChinaSouthernAirlinesData.task][63] Entering the search parameters for China Southern Airlines
[30-09-2021 01:40:13][INFO][GetChinaSouthernAirlinesData.task][86] Waiting for the search results to load
[30-09-2021 01:40:20][INFO][GetChinaSouthernAirlinesData.task][94] The page load return value is: 1 (success:1,failure:0)
[30-09-2021 01:40:27][INFO][GetChinaSouthernAirlinesData.task][115] Extracting flight details from the China Southern Airlines webpage.
[30-09-2021 01:40:27][INFO][GetChinaSouthernAirlinesData.task][120] Creating southern airlines data array.
[30-09-2021 01:40:27][WARN][GetChinaSouthernAirlinesData.task][180] Closing chinese southern airlines webpage
[30-09-2021 01:40:27][INFO][Air_Ticket_Enquiry_Process_Attended.flow][0] Determine“Business Exception?”The result is false
[30-09-2021 01:40:27][INFO][Air_Ticket_Enquiry_Process_Attended.flow][0] Enter block Get Eastern Data
[30-09-2021 01:40:27][INFO][GetChinaEasternAirlinesData.task][38] Open Chrome browser and enter the China Eastern Airlines webpage
[30-09-2021 01:40:29][INFO][GetChinaEasternAirlinesData.task][45] The webpage window is maximized
[30-09-2021 01:40:43][INFO][GetChinaEasternAirlinesData.task][50] The page load return value is: 1 (success:1,failure:0)
[30-09-2021 01:40:43][INFO][GetChinaEasternAirlinesData.task][65] Entering the search parameters for China Eastern Airlines
[30-09-2021 01:40:56][INFO][GetChinaEasternAirlinesData.task][90] Waiting for the search results to load
[30-09-2021 01:41:17][INFO][GetChinaEasternAirlinesData.task][95] The page load return value is: 1 (success:1,failure:0)
[30-09-2021 01:41:24][INFO][GetChinaEasternAirlinesData.task][113] Extracting flight details from the China Eastern Airlines webpage.
[30-09-2021 01:41:30][INFO][GetChinaEasternAirlinesData.task][118] Creating eastern airlines data array.
[30-09-2021 01:41:30][WARN][GetChinaEasternAirlinesData.task][197] Closing chinese eastern airlines webpage
[30-09-2021 01:41:30][INFO][Air_Ticket_Enquiry_Process_Attended.flow][0] Determine“Business Exception?”The result is false
[30-09-2021 01:41:30][INFO][Air_Ticket_Enquiry_Process_Attended.flow][0] Enter block Get Trip Data
[30-09-2021 01:41:30][INFO][GetTripData.task][38] Open Chrome browser and enter the Trip webpage
[30-09-2021 01:41:33][INFO][GetTripData.task][45] The webpage window is maximized
[30-09-2021 01:41:53][INFO][GetTripData.task][50] The page load return value is: 1 (success:1,failure:0)
[30-09-2021 01:41:53][INFO][GetTripData.task][64] Entering the search parameters for Trip
[30-09-2021 01:42:44][INFO][GetTripData.task][106] Waiting for the search results to load
[30-09-2021 01:43:00][INFO][GetTripData.task][111] The page load return value is: 1 (success:1,failure:0)
[30-09-2021 01:43:00][INFO][GetTripData.task][129] Extracting flight details from the Trip webpage.
[30-09-2021 01:43:00][INFO][GetTripData.task][134] Creating trip data array.
[30-09-2021 01:43:00][WARN][GetTripData.task][194] Killing running chrome processes as a part of initial cleanup
[30-09-2021 01:43:00][INFO][Air_Ticket_Enquiry_Process_Attended.flow][0] Determine“Business Exception?”The result is false
[30-09-2021 01:43:01][INFO][Air_Ticket_Enquiry_Process_Attended.flow][0] Enter block Finalization
[30-09-2021 01:43:01][INFO][Finalization.task][31] Performing the analyis between southern chinese airlines data and trip data
[30-09-2021 01:43:01][INFO][Finalization.task][70] Performing the analyis between eastern chinese airlines data and trip data
[30-09-2021 01:43:01][INFO][Finalization.task][109] Sorting the final output array in ascending order as per economy class fare
[30-09-2021 01:43:01][INFO][Finalization.task][117] Opening the output report file for generation of output data
[30-09-2021 01:43:02][INFO][Finalization.task][121] Writing final data to output report file
[30-09-2021 01:43:02][INFO][Finalization.task][126] Closing the output report file
[30-09-2021 01:43:02][INFO][Finalization.task][132] Sending output report email to business
[30-09-2021 01:43:21][INFO][Finalization.task][134] The output report email got sent out to business successfully
[30-09-2021 01:43:21][INFO][Air_Ticket_Enquiry_Process_Attended.flow][0] Determine“Business Exception?”The result is false
[30-09-2021 01:43:21][INFO][Air_Ticket_Enquiry_Process_Attended.flow][0] Air_Ticket_Enquiry_Process_Attended.flow End of running
