[28-09-2021 22:52:11][INFO][][0] Work path has been switched to C:\Users\devne\Documents\Laiye Level - 3\Ticket inquiry_Unattended\
[28-09-2021 22:52:11][INFO][Air_Ticket_Enquiry_Process.flow][0] Process Air_Ticket_Enquiry_Process.flow start running
[28-09-2021 22:52:11][INFO][Air_Ticket_Enquiry_Process.flow][0] Enter block Initialization
[28-09-2021 22:52:35][INFO][Initialization.task][47] Setting up the output report file path
[28-09-2021 22:52:35][WARN][Initialization.task][56] Deleting the output report file as it already exists
[28-09-2021 22:52:35][INFO][Initialization.task][65] Checking if Office is installed
[28-09-2021 22:52:36][INFO][Initialization.task][74] Setting up credential values in the output report
[28-09-2021 22:52:37][INFO][Initialization.task][83] Calling OpenExchange API for determining exchange rate.
[28-09-2021 22:52:40][INFO][Air_Ticket_Enquiry_Process.flow][0] Determine“Exception？”The result is false
[28-09-2021 22:52:40][INFO][Air_Ticket_Enquiry_Process.flow][0] Enter block Get Southern Data
[28-09-2021 22:52:40][INFO][GetChinaSouthernAirlinesData.task][24] Open Chrome browser and enter the China Southern Airlines webpage
[28-09-2021 22:52:52][INFO][GetChinaSouthernAirlinesData.task][31] The webpage window is maximized
[28-09-2021 22:53:08][INFO][GetChinaSouthernAirlinesData.task][36] The page load return value is: 1 (success:1,failure:0)
[28-09-2021 22:53:08][INFO][GetChinaSouthernAirlinesData.task][50] Entering the search parameters for China Southern Airlines
[28-09-2021 22:53:24][ERROR][GetChinaSouthernAirlinesData.task][175] Application exception, failed to open extract data from China Southern Airlines website:{
	"File" : "GetChinaSouthernAirlinesData.task",
	"Line" : 53,
	"Message" : " Call error occurred in Module Mouse.MouseAuto. Action:Exception has been thrown by the target of an invocation.\nException in Mouse.Action,Element not found",
	"_InternalState_" : 1
}
[28-09-2021 22:53:24][INFO][Air_Ticket_Enquiry_Process.flow][0] Determine“Business Exception?”The result is true
[28-09-2021 22:53:24][INFO][Air_Ticket_Enquiry_Process.flow][0] Determine“Retry?”The result is true
[28-09-2021 22:53:24][INFO][Air_Ticket_Enquiry_Process.flow][0] Enter block Initialization
[28-09-2021 22:53:48][INFO][Initialization.task][47] Setting up the output report file path
[28-09-2021 22:53:48][WARN][Initialization.task][56] Deleting the output report file as it already exists
[28-09-2021 22:53:48][INFO][Initialization.task][65] Checking if Office is installed
[28-09-2021 22:53:49][INFO][Initialization.task][74] Setting up credential values in the output report
[28-09-2021 22:53:50][INFO][Initialization.task][83] Calling OpenExchange API for determining exchange rate.
[28-09-2021 22:53:52][INFO][Air_Ticket_Enquiry_Process.flow][0] Determine“Exception？”The result is false
[28-09-2021 22:53:52][INFO][Air_Ticket_Enquiry_Process.flow][0] Enter block Get Southern Data
[28-09-2021 22:53:52][INFO][GetChinaSouthernAirlinesData.task][24] Open Chrome browser and enter the China Southern Airlines webpage
[28-09-2021 22:54:04][INFO][GetChinaSouthernAirlinesData.task][31] The webpage window is maximized
[28-09-2021 22:54:21][INFO][GetChinaSouthernAirlinesData.task][36] The page load return value is: 1 (success:1,failure:0)
[28-09-2021 22:54:21][INFO][GetChinaSouthernAirlinesData.task][50] Entering the search parameters for China Southern Airlines
[28-09-2021 22:54:37][ERROR][GetChinaSouthernAirlinesData.task][175] Application exception, failed to open extract data from China Southern Airlines website:{
	"File" : "GetChinaSouthernAirlinesData.task",
	"Line" : 53,
	"Message" : " Call error occurred in Module Mouse.MouseAuto. Action:Exception has been thrown by the target of an invocation.\nException in Mouse.Action,Element not found",
	"_InternalState_" : 1
}
[28-09-2021 22:54:37][INFO][Air_Ticket_Enquiry_Process.flow][0] Determine“Business Exception?”The result is true
[28-09-2021 22:54:37][INFO][Air_Ticket_Enquiry_Process.flow][0] Determine“Retry?”The result is true
[28-09-2021 22:54:37][INFO][Air_Ticket_Enquiry_Process.flow][0] Enter block Initialization
[28-09-2021 22:55:03][INFO][Initialization.task][47] Setting up the output report file path
[28-09-2021 22:55:03][WARN][Initialization.task][56] Deleting the output report file as it already exists
[28-09-2021 22:55:03][INFO][Initialization.task][65] Checking if Office is installed
[28-09-2021 22:55:04][INFO][Initialization.task][74] Setting up credential values in the output report
[28-09-2021 22:55:05][INFO][Initialization.task][83] Calling OpenExchange API for determining exchange rate.
[28-09-2021 22:55:06][INFO][Air_Ticket_Enquiry_Process.flow][0] Determine“Exception？”The result is false
[28-09-2021 22:55:06][INFO][Air_Ticket_Enquiry_Process.flow][0] Enter block Get Southern Data
[28-09-2021 22:55:06][INFO][GetChinaSouthernAirlinesData.task][24] Open Chrome browser and enter the China Southern Airlines webpage
[28-09-2021 22:55:18][INFO][GetChinaSouthernAirlinesData.task][31] The webpage window is maximized
[28-09-2021 22:55:35][INFO][GetChinaSouthernAirlinesData.task][36] The page load return value is: 1 (success:1,failure:0)
[28-09-2021 22:55:36][INFO][GetChinaSouthernAirlinesData.task][50] Entering the search parameters for China Southern Airlines
[28-09-2021 22:55:51][ERROR][GetChinaSouthernAirlinesData.task][175] Application exception, failed to open extract data from China Southern Airlines website:{
	"File" : "GetChinaSouthernAirlinesData.task",
	"Line" : 53,
	"Message" : " Call error occurred in Module Mouse.MouseAuto. Action:Exception has been thrown by the target of an invocation.\nException in Mouse.Action,Element not found",
	"_InternalState_" : 1
}
[28-09-2021 22:55:51][INFO][Air_Ticket_Enquiry_Process.flow][0] Determine“Business Exception?”The result is true
[28-09-2021 22:55:51][INFO][Air_Ticket_Enquiry_Process.flow][0] Determine“Retry?”The result is false
[28-09-2021 22:55:51][INFO][Air_Ticket_Enquiry_Process.flow][0] Air_Ticket_Enquiry_Process.flow End of running
