[29-09-2021 23:07:36][INFO][][0] Work path has been switched to C:\Users\devne\Documents\Laiye Level - 3\Ticket inquiry_Unattended\
[29-09-2021 23:07:36][INFO][Air_Ticket_Enquiry_Process.flow][0] Process Air_Ticket_Enquiry_Process.flow start running
[29-09-2021 23:07:36][INFO][Air_Ticket_Enquiry_Process.flow][0] Enter block Initialization
[29-09-2021 23:07:36][INFO][Initialization.task][32] Fetching Laiye commander parameters and credentials details from server
[29-09-2021 23:07:51][INFO][Initialization.task][34] Laiye commander parameters and credentials details fetched successfully
[29-09-2021 23:07:51][INFO][Initialization.task][39] Setting up the output report file path
[29-09-2021 23:07:51][WARN][Initialization.task][48] Deleting the output report file as it already exists
[29-09-2021 23:07:51][INFO][Initialization.task][55] Checking if configuration file exists
[29-09-2021 23:07:51][INFO][Initialization.task][67] Fetching configuration details
[29-09-2021 23:07:53][INFO][Initialization.task][69] Configuration details fetched successfully
[29-09-2021 23:07:53][INFO][Initialization.task][74] Cleaning up all applications
[29-09-2021 23:07:53][INFO][Initialization.task][86] Checking if Office is installed
[29-09-2021 23:07:54][INFO][Initialization.task][95] Setting up credential values in the output report
[29-09-2021 23:07:56][INFO][Initialization.task][104] Calling OpenExchange API for determining exchange rate.
[29-09-2021 23:07:59][INFO][Air_Ticket_Enquiry_Process.flow][0] Determine“Exception？”The result is false
[29-09-2021 23:07:59][INFO][Air_Ticket_Enquiry_Process.flow][0] Enter block Get Southern Data
[29-09-2021 23:07:59][INFO][GetChinaSouthernAirlinesData.task][23] Open Chrome browser and enter the China Southern Airlines webpage
[29-09-2021 23:08:07][INFO][GetChinaSouthernAirlinesData.task][30] The webpage window is maximized
[29-09-2021 23:08:24][INFO][GetChinaSouthernAirlinesData.task][35] The page load return value is: 1 (success:1,failure:0)
[29-09-2021 23:08:24][INFO][GetChinaSouthernAirlinesData.task][50] Entering the search parameters for China Southern Airlines
[29-09-2021 23:08:35][INFO][GetChinaSouthernAirlinesData.task][73] Waiting for the search results to load
[29-09-2021 23:09:05][INFO][GetChinaSouthernAirlinesData.task][81] The page load return value is: 1 (success:1,failure:0)
[29-09-2021 23:09:12][INFO][GetChinaSouthernAirlinesData.task][102] Extracting flight details from the China Southern Airlines webpage.
[29-09-2021 23:09:12][INFO][GetChinaSouthernAirlinesData.task][107] Creating southern airlines data array.
[29-09-2021 23:09:12][WARN][GetChinaSouthernAirlinesData.task][167] Closing chinese southern airlines webpage
[29-09-2021 23:09:12][INFO][Air_Ticket_Enquiry_Process.flow][0] Determine“Business Exception?”The result is false
[29-09-2021 23:09:12][INFO][Air_Ticket_Enquiry_Process.flow][0] Enter block Get Eastern Data
[29-09-2021 23:09:12][INFO][GetChinaEasternAirlinesData.task][23] Open Chrome browser and enter the China Eastern Airlines webpage
[29-09-2021 23:09:14][INFO][GetChinaEasternAirlinesData.task][30] The webpage window is maximized
[29-09-2021 23:09:39][INFO][GetChinaEasternAirlinesData.task][35] The page load return value is: 1 (success:1,failure:0)
[29-09-2021 23:09:39][INFO][GetChinaEasternAirlinesData.task][50] Entering the search parameters for China Eastern Airlines
[29-09-2021 23:09:52][INFO][GetChinaEasternAirlinesData.task][82] Waiting for the search results to load
[29-09-2021 23:10:13][INFO][GetChinaEasternAirlinesData.task][87] The page load return value is: 1 (success:1,failure:0)
[29-09-2021 23:10:19][INFO][GetChinaEasternAirlinesData.task][105] Extracting flight details from the China Eastern Airlines webpage.
[29-09-2021 23:10:26][INFO][GetChinaEasternAirlinesData.task][110] Creating eastern airlines data array.
[29-09-2021 23:10:26][WARN][GetChinaEasternAirlinesData.task][191] Closing chinese eastern airlines webpage
[29-09-2021 23:10:26][INFO][Air_Ticket_Enquiry_Process.flow][0] Determine“Business Exception?”The result is false
[29-09-2021 23:10:26][INFO][Air_Ticket_Enquiry_Process.flow][0] Enter block Get Trip Data
[29-09-2021 23:10:26][INFO][GetTripData.task][23] Open Chrome browser and enter the Trip webpage
[29-09-2021 23:10:29][INFO][GetTripData.task][30] The webpage window is maximized
[29-09-2021 23:10:34][INFO][GetTripData.task][35] The page load return value is: 0 (success:1,failure:0)
[29-09-2021 23:10:35][ERROR][GetTripData.task][41] Page loading exception. Server seems to be down while accessing Trip webpage.
[29-09-2021 23:10:35][ERROR][GetTripData.task][190] Application exception, failed to open extract data from Trip website:{
	"File" : "GetTripData.task",
	"Line" : 43,
	"Message" : "Page loading exception. Server seems to be down while accessing Trip webpage.",
	"_InternalState_" : 1
}
[29-09-2021 23:10:35][INFO][Air_Ticket_Enquiry_Process.flow][0] Determine“Business Exception?”The result is true
[29-09-2021 23:10:35][INFO][Air_Ticket_Enquiry_Process.flow][0] Determine“Retry?”The result is true
[29-09-2021 23:10:35][INFO][Air_Ticket_Enquiry_Process.flow][0] Enter block Initialization
[29-09-2021 23:10:35][INFO][Initialization.task][32] Fetching Laiye commander parameters and credentials details from server
[29-09-2021 23:10:52][INFO][Initialization.task][34] Laiye commander parameters and credentials details fetched successfully
[29-09-2021 23:10:52][INFO][Initialization.task][39] Setting up the output report file path
[29-09-2021 23:10:52][WARN][Initialization.task][48] Deleting the output report file as it already exists
[29-09-2021 23:10:52][INFO][Initialization.task][55] Checking if configuration file exists
[29-09-2021 23:10:52][INFO][Initialization.task][67] Fetching configuration details
[29-09-2021 23:10:54][INFO][Initialization.task][69] Configuration details fetched successfully
[29-09-2021 23:10:54][INFO][Initialization.task][74] Cleaning up all applications
[29-09-2021 23:10:54][INFO][Initialization.task][86] Checking if Office is installed
[29-09-2021 23:10:55][INFO][Initialization.task][95] Setting up credential values in the output report
[29-09-2021 23:10:56][INFO][Initialization.task][104] Calling OpenExchange API for determining exchange rate.
[29-09-2021 23:10:58][INFO][Air_Ticket_Enquiry_Process.flow][0] Determine“Exception？”The result is false
[29-09-2021 23:10:58][INFO][Air_Ticket_Enquiry_Process.flow][0] Enter block Get Southern Data
[29-09-2021 23:10:58][INFO][GetChinaSouthernAirlinesData.task][23] Open Chrome browser and enter the China Southern Airlines webpage
[29-09-2021 23:11:06][INFO][GetChinaSouthernAirlinesData.task][30] The webpage window is maximized
[29-09-2021 23:11:17][INFO][GetChinaSouthernAirlinesData.task][35] The page load return value is: 1 (success:1,failure:0)
[29-09-2021 23:11:17][INFO][GetChinaSouthernAirlinesData.task][50] Entering the search parameters for China Southern Airlines
[29-09-2021 23:11:30][INFO][GetChinaSouthernAirlinesData.task][73] Waiting for the search results to load
[29-09-2021 23:11:32][INFO][GetChinaSouthernAirlinesData.task][81] The page load return value is: 1 (success:1,failure:0)
[29-09-2021 23:11:38][INFO][GetChinaSouthernAirlinesData.task][102] Extracting flight details from the China Southern Airlines webpage.
[29-09-2021 23:11:44][INFO][GetChinaSouthernAirlinesData.task][107] Creating southern airlines data array.
[29-09-2021 23:11:44][WARN][GetChinaSouthernAirlinesData.task][167] Closing chinese southern airlines webpage
[29-09-2021 23:11:44][INFO][Air_Ticket_Enquiry_Process.flow][0] Determine“Business Exception?”The result is false
[29-09-2021 23:11:45][INFO][Air_Ticket_Enquiry_Process.flow][0] Enter block Get Eastern Data
[29-09-2021 23:11:45][INFO][GetChinaEasternAirlinesData.task][23] Open Chrome browser and enter the China Eastern Airlines webpage
[29-09-2021 23:11:46][INFO][GetChinaEasternAirlinesData.task][30] The webpage window is maximized
[29-09-2021 23:12:00][INFO][GetChinaEasternAirlinesData.task][35] The page load return value is: 1 (success:1,failure:0)
[29-09-2021 23:12:00][INFO][GetChinaEasternAirlinesData.task][50] Entering the search parameters for China Eastern Airlines
[29-09-2021 23:12:13][INFO][GetChinaEasternAirlinesData.task][82] Waiting for the search results to load
[29-09-2021 23:12:33][INFO][GetChinaEasternAirlinesData.task][87] The page load return value is: 1 (success:1,failure:0)
[29-09-2021 23:12:39][INFO][GetChinaEasternAirlinesData.task][105] Extracting flight details from the China Eastern Airlines webpage.
[29-09-2021 23:12:46][INFO][GetChinaEasternAirlinesData.task][110] Creating eastern airlines data array.
[29-09-2021 23:12:46][WARN][GetChinaEasternAirlinesData.task][191] Closing chinese eastern airlines webpage
[29-09-2021 23:12:46][INFO][Air_Ticket_Enquiry_Process.flow][0] Determine“Business Exception?”The result is false
[29-09-2021 23:12:46][INFO][Air_Ticket_Enquiry_Process.flow][0] Enter block Get Trip Data
[29-09-2021 23:12:46][INFO][GetTripData.task][23] Open Chrome browser and enter the Trip webpage
[29-09-2021 23:12:49][INFO][GetTripData.task][30] The webpage window is maximized
[29-09-2021 23:12:54][INFO][GetTripData.task][35] The page load return value is: 0 (success:1,failure:0)
[29-09-2021 23:12:54][ERROR][GetTripData.task][41] Page loading exception. Server seems to be down while accessing Trip webpage.
[29-09-2021 23:12:54][ERROR][GetTripData.task][190] Application exception, failed to open extract data from Trip website:{
	"File" : "GetTripData.task",
	"Line" : 43,
	"Message" : "Page loading exception. Server seems to be down while accessing Trip webpage.",
	"_InternalState_" : 1
}
[29-09-2021 23:12:54][INFO][Air_Ticket_Enquiry_Process.flow][0] Determine“Business Exception?”The result is true
[29-09-2021 23:12:54][INFO][Air_Ticket_Enquiry_Process.flow][0] Determine“Retry?”The result is true
[29-09-2021 23:12:54][INFO][Air_Ticket_Enquiry_Process.flow][0] Enter block Initialization
[29-09-2021 23:12:54][INFO][Initialization.task][32] Fetching Laiye commander parameters and credentials details from server
[29-09-2021 23:13:11][INFO][Initialization.task][34] Laiye commander parameters and credentials details fetched successfully
[29-09-2021 23:13:11][INFO][Initialization.task][39] Setting up the output report file path
[29-09-2021 23:13:11][WARN][Initialization.task][48] Deleting the output report file as it already exists
[29-09-2021 23:13:11][INFO][Initialization.task][55] Checking if configuration file exists
[29-09-2021 23:13:11][INFO][Initialization.task][67] Fetching configuration details
[29-09-2021 23:13:13][INFO][Air_Ticket_Enquiry_Process.flow][0] Air_Ticket_Enquiry_Process.flow End of running
