[30-09-2021 01:54:03][INFO][][0] Work path has been switched to C:\Users\devne\Documents\Laiye Level - 3\Ticket inquiry_Attended\
[30-09-2021 01:54:03][INFO][Air_Ticket_Enquiry_Process_Attended.flow][0] Process Air_Ticket_Enquiry_Process_Attended.flow start running
[30-09-2021 01:54:03][INFO][Air_Ticket_Enquiry_Process_Attended.flow][0] Enter block Initialization
[30-09-2021 01:54:03][INFO][Initialization.task][36] Checking if configuration file exists
[30-09-2021 01:54:03][INFO][Initialization.task][48] Fetching configuration details
[30-09-2021 01:54:05][INFO][Initialization.task][50] Configuration details fetched successfully
[30-09-2021 01:54:05][INFO][Initialization.task][55] Setting up the output report file path
[30-09-2021 01:54:05][INFO][Initialization.task][59] Cleaning up all applications
[30-09-2021 01:54:06][INFO][Initialization.task][71] Fetching credentials details from Windows Credential Manager
[30-09-2021 01:54:06][INFO][Initialization.task][73] Credentials details fetched successfully from Windows Credential Manager
[30-09-2021 01:54:06][WARN][Initialization.task][81] Deleting the output report file as it already exists
[30-09-2021 01:54:06][INFO][Initialization.task][88] Checking if Office is installed
[30-09-2021 01:54:07][INFO][Initialization.task][97] Setting up credential values in the output report
[30-09-2021 01:54:07][INFO][Initialization.task][106] Calling OpenExchange API for determining exchange rate.
[30-09-2021 01:54:10][INFO][Air_Ticket_Enquiry_Process_Attended.flow][0] Determine“Exception？”The result is false
[30-09-2021 01:54:10][INFO][Air_Ticket_Enquiry_Process_Attended.flow][0] Enter block Get Southern Data
[30-09-2021 01:54:10][INFO][GetChinaSouthernAirlinesData.task][36] Open Chrome browser and enter the China Southern Airlines webpage
[30-09-2021 01:54:17][INFO][GetChinaSouthernAirlinesData.task][43] The webpage window is maximized
[30-09-2021 01:54:30][INFO][GetChinaSouthernAirlinesData.task][48] The page load return value is: 1 (success:1,failure:0)
[30-09-2021 01:54:30][INFO][GetChinaSouthernAirlinesData.task][63] Entering the search parameters for China Southern Airlines
[30-09-2021 01:54:43][INFO][GetChinaSouthernAirlinesData.task][86] Waiting for the search results to load
[30-09-2021 01:54:53][INFO][GetChinaSouthernAirlinesData.task][94] The page load return value is: 1 (success:1,failure:0)
[30-09-2021 01:55:00][INFO][GetChinaSouthernAirlinesData.task][115] Extracting flight details from the China Southern Airlines webpage.
[30-09-2021 01:55:00][INFO][GetChinaSouthernAirlinesData.task][120] Creating southern airlines data array.
[30-09-2021 01:55:00][WARN][GetChinaSouthernAirlinesData.task][180] Closing chinese southern airlines webpage
[30-09-2021 01:55:00][INFO][Air_Ticket_Enquiry_Process_Attended.flow][0] Determine“Business Exception?”The result is false
[30-09-2021 01:55:00][INFO][Air_Ticket_Enquiry_Process_Attended.flow][0] Enter block Get Eastern Data
[30-09-2021 01:55:00][INFO][GetChinaEasternAirlinesData.task][38] Open Chrome browser and enter the China Eastern Airlines webpage
[30-09-2021 01:55:02][INFO][GetChinaEasternAirlinesData.task][45] The webpage window is maximized
[30-09-2021 01:55:18][INFO][GetChinaEasternAirlinesData.task][50] The page load return value is: 1 (success:1,failure:0)
[30-09-2021 01:55:18][INFO][GetChinaEasternAirlinesData.task][65] Entering the search parameters for China Eastern Airlines
[30-09-2021 01:55:33][INFO][GetChinaEasternAirlinesData.task][90] Waiting for the search results to load
[30-09-2021 01:55:51][INFO][GetChinaEasternAirlinesData.task][95] The page load return value is: 1 (success:1,failure:0)
[30-09-2021 01:55:57][INFO][GetChinaEasternAirlinesData.task][113] Extracting flight details from the China Eastern Airlines webpage.
[30-09-2021 01:56:04][INFO][GetChinaEasternAirlinesData.task][118] Creating eastern airlines data array.
[30-09-2021 01:56:04][WARN][GetChinaEasternAirlinesData.task][197] Closing chinese eastern airlines webpage
[30-09-2021 01:56:04][INFO][Air_Ticket_Enquiry_Process_Attended.flow][0] Determine“Business Exception?”The result is false
[30-09-2021 01:56:04][INFO][Air_Ticket_Enquiry_Process_Attended.flow][0] Enter block Get Trip Data
[30-09-2021 01:56:04][INFO][GetTripData.task][38] Open Chrome browser and enter the Trip webpage
[30-09-2021 01:56:06][INFO][GetTripData.task][45] The webpage window is maximized
[30-09-2021 01:56:24][INFO][GetTripData.task][50] The page load return value is: 1 (success:1,failure:0)
[30-09-2021 01:56:24][INFO][GetTripData.task][64] Entering the search parameters for Trip
[30-09-2021 01:57:14][ERROR][GetTripData.task][207] Application exception, failed to open extract data from Trip website:{
	"File" : "GetTripData.task",
	"Line" : 101,
	"Message" : " Call error occurred in Module Mouse.MouseAuto. Action:Exception has been thrown by the target of an invocation.\nException in Mouse.Action,Element not found",
	"_InternalState_" : 1
}
[30-09-2021 01:57:14][INFO][Air_Ticket_Enquiry_Process_Attended.flow][0] Determine“Business Exception?”The result is true
[30-09-2021 01:57:14][INFO][Air_Ticket_Enquiry_Process_Attended.flow][0] Determine“Retry?”The result is true
[30-09-2021 01:57:14][INFO][Air_Ticket_Enquiry_Process_Attended.flow][0] Enter block Initialization
[30-09-2021 01:57:14][INFO][Initialization.task][36] Checking if configuration file exists
[30-09-2021 01:57:14][INFO][Initialization.task][48] Fetching configuration details
[30-09-2021 01:57:15][INFO][Initialization.task][50] Configuration details fetched successfully
[30-09-2021 01:57:15][INFO][Initialization.task][55] Setting up the output report file path
[30-09-2021 01:57:15][INFO][Initialization.task][59] Cleaning up all applications
[30-09-2021 01:57:16][INFO][Initialization.task][71] Fetching credentials details from Windows Credential Manager
[30-09-2021 01:57:16][INFO][Initialization.task][73] Credentials details fetched successfully from Windows Credential Manager
[30-09-2021 01:57:16][WARN][Initialization.task][81] Deleting the output report file as it already exists
[30-09-2021 01:57:16][INFO][Initialization.task][88] Checking if Office is installed
[30-09-2021 01:57:17][INFO][Initialization.task][97] Setting up credential values in the output report
[30-09-2021 01:57:18][INFO][Initialization.task][106] Calling OpenExchange API for determining exchange rate.
[30-09-2021 01:57:18][INFO][Air_Ticket_Enquiry_Process_Attended.flow][0] Air_Ticket_Enquiry_Process_Attended.flow End of running
