[29-09-2021 23:28:10][INFO][][0] Work path has been switched to C:\Users\devne\Documents\Laiye Level - 3\Ticket inquiry_Unattended\
[29-09-2021 23:28:10][INFO][Air_Ticket_Enquiry_Process.flow][0] Process Air_Ticket_Enquiry_Process.flow start running
[29-09-2021 23:28:10][INFO][Air_Ticket_Enquiry_Process.flow][0] Enter block Initialization
[29-09-2021 23:28:10][INFO][Initialization.task][32] Fetching Laiye commander parameters and credentials details from server
[29-09-2021 23:28:29][INFO][Initialization.task][34] Laiye commander parameters and credentials details fetched successfully
[29-09-2021 23:28:29][INFO][Initialization.task][39] Setting up the output report file path
[29-09-2021 23:28:29][WARN][Initialization.task][48] Deleting the output report file as it already exists
[29-09-2021 23:28:29][INFO][Initialization.task][55] Checking if configuration file exists
[29-09-2021 23:28:29][INFO][Initialization.task][67] Fetching configuration details
[29-09-2021 23:28:30][INFO][Initialization.task][69] Configuration details fetched successfully
[29-09-2021 23:28:30][INFO][Initialization.task][74] Cleaning up all applications
[29-09-2021 23:28:31][INFO][Initialization.task][86] Checking if Office is installed
[29-09-2021 23:28:32][INFO][Initialization.task][95] Setting up credential values in the output report
[29-09-2021 23:28:33][INFO][Initialization.task][104] Calling OpenExchange API for determining exchange rate.
[29-09-2021 23:28:35][INFO][Air_Ticket_Enquiry_Process.flow][0] Determine“Exception？”The result is false
[29-09-2021 23:28:35][INFO][Air_Ticket_Enquiry_Process.flow][0] Enter block Get Southern Data
[29-09-2021 23:28:35][INFO][GetChinaSouthernAirlinesData.task][23] Open Chrome browser and enter the China Southern Airlines webpage
[29-09-2021 23:28:43][INFO][GetChinaSouthernAirlinesData.task][30] The webpage window is maximized
[29-09-2021 23:28:51][INFO][GetChinaSouthernAirlinesData.task][35] The page load return value is: 1 (success:1,failure:0)
[29-09-2021 23:28:51][INFO][GetChinaSouthernAirlinesData.task][50] Entering the search parameters for China Southern Airlines
[29-09-2021 23:29:02][INFO][GetChinaSouthernAirlinesData.task][73] Waiting for the search results to load
[29-09-2021 23:29:08][INFO][GetChinaSouthernAirlinesData.task][81] The page load return value is: 1 (success:1,failure:0)
[29-09-2021 23:29:15][INFO][GetChinaSouthernAirlinesData.task][102] Extracting flight details from the China Southern Airlines webpage.
[29-09-2021 23:29:15][INFO][GetChinaSouthernAirlinesData.task][107] Creating southern airlines data array.
[29-09-2021 23:29:15][WARN][GetChinaSouthernAirlinesData.task][167] Closing chinese southern airlines webpage
[29-09-2021 23:29:15][INFO][Air_Ticket_Enquiry_Process.flow][0] Determine“Business Exception?”The result is false
[29-09-2021 23:29:15][INFO][Air_Ticket_Enquiry_Process.flow][0] Enter block Get Eastern Data
[29-09-2021 23:29:15][INFO][GetChinaEasternAirlinesData.task][23] Open Chrome browser and enter the China Eastern Airlines webpage
[29-09-2021 23:29:17][INFO][GetChinaEasternAirlinesData.task][30] The webpage window is maximized
[29-09-2021 23:29:27][INFO][GetChinaEasternAirlinesData.task][35] The page load return value is: 1 (success:1,failure:0)
[29-09-2021 23:29:27][INFO][GetChinaEasternAirlinesData.task][50] Entering the search parameters for China Eastern Airlines
[29-09-2021 23:29:40][INFO][GetChinaEasternAirlinesData.task][82] Waiting for the search results to load
[29-09-2021 23:30:00][INFO][GetChinaEasternAirlinesData.task][87] The page load return value is: 1 (success:1,failure:0)
[29-09-2021 23:30:06][INFO][GetChinaEasternAirlinesData.task][105] Extracting flight details from the China Eastern Airlines webpage.
[29-09-2021 23:30:13][INFO][GetChinaEasternAirlinesData.task][110] Creating eastern airlines data array.
[29-09-2021 23:30:13][WARN][GetChinaEasternAirlinesData.task][191] Closing chinese eastern airlines webpage
[29-09-2021 23:30:13][INFO][Air_Ticket_Enquiry_Process.flow][0] Determine“Business Exception?”The result is false
[29-09-2021 23:30:13][INFO][Air_Ticket_Enquiry_Process.flow][0] Enter block Get Trip Data
[29-09-2021 23:30:13][INFO][GetTripData.task][23] Open Chrome browser and enter the Trip webpage
[29-09-2021 23:30:16][INFO][GetTripData.task][30] The webpage window is maximized
[29-09-2021 23:30:30][INFO][GetTripData.task][35] The page load return value is: 1 (success:1,failure:0)
[29-09-2021 23:30:30][INFO][GetTripData.task][49] Entering the search parameters for Trip
[29-09-2021 23:30:44][ERROR][GetTripData.task][190] Application exception, failed to open extract data from Trip website:{
	"File" : "GetTripData.task",
	"Line" : 58,
	"Message" : " Call error occurred in Module Mouse.MouseAuto. Action:Exception has been thrown by the target of an invocation.\nException in Mouse.Action,Element not found",
	"_InternalState_" : 1
}
[29-09-2021 23:30:44][INFO][Air_Ticket_Enquiry_Process.flow][0] Determine“Business Exception?”The result is true
[29-09-2021 23:30:44][INFO][Air_Ticket_Enquiry_Process.flow][0] Determine“Retry?”The result is true
[29-09-2021 23:30:44][INFO][Air_Ticket_Enquiry_Process.flow][0] Enter block Initialization
[29-09-2021 23:30:44][INFO][Initialization.task][32] Fetching Laiye commander parameters and credentials details from server
[29-09-2021 23:31:00][INFO][Initialization.task][34] Laiye commander parameters and credentials details fetched successfully
[29-09-2021 23:31:00][INFO][Initialization.task][39] Setting up the output report file path
[29-09-2021 23:31:00][WARN][Initialization.task][48] Deleting the output report file as it already exists
[29-09-2021 23:31:00][INFO][Initialization.task][55] Checking if configuration file exists
[29-09-2021 23:31:00][INFO][Initialization.task][67] Fetching configuration details
[29-09-2021 23:31:02][INFO][Initialization.task][69] Configuration details fetched successfully
[29-09-2021 23:31:02][INFO][Initialization.task][74] Cleaning up all applications
[29-09-2021 23:31:02][INFO][Initialization.task][86] Checking if Office is installed
[29-09-2021 23:31:03][INFO][Initialization.task][95] Setting up credential values in the output report
[29-09-2021 23:31:05][INFO][Initialization.task][104] Calling OpenExchange API for determining exchange rate.
[29-09-2021 23:31:07][INFO][Air_Ticket_Enquiry_Process.flow][0] Determine“Exception？”The result is false
[29-09-2021 23:31:07][INFO][Air_Ticket_Enquiry_Process.flow][0] Enter block Get Southern Data
[29-09-2021 23:31:07][INFO][GetChinaSouthernAirlinesData.task][23] Open Chrome browser and enter the China Southern Airlines webpage
[29-09-2021 23:31:15][INFO][GetChinaSouthernAirlinesData.task][30] The webpage window is maximized
[29-09-2021 23:31:23][INFO][GetChinaSouthernAirlinesData.task][35] The page load return value is: 1 (success:1,failure:0)
[29-09-2021 23:31:23][INFO][GetChinaSouthernAirlinesData.task][50] Entering the search parameters for China Southern Airlines
[29-09-2021 23:31:31][INFO][Air_Ticket_Enquiry_Process.flow][0] Air_Ticket_Enquiry_Process.flow End of running
