[29-09-2021 17:49:11][INFO][][0] Work path has been switched to C:\Users\devne\Documents\Laiye Level - 3\Ticket inquiry_Unattended\
[29-09-2021 17:49:11][INFO][Air_Ticket_Enquiry_Process.flow][0] Process Air_Ticket_Enquiry_Process.flow start running
[29-09-2021 17:49:11][INFO][Air_Ticket_Enquiry_Process.flow][0] Enter block Initialization
[29-09-2021 17:49:11][INFO][Initialization.task][32] Fetching Laiye commander parameters and credentials details from server
[29-09-2021 17:49:20][INFO][Initialization.task][34] Laiye commander parameters and credentials details fetched successfully
[29-09-2021 17:49:20][INFO][Initialization.task][39] Setting up the output report file path
[29-09-2021 17:49:20][WARN][Initialization.task][48] Deleting the output report file as it already exists
[29-09-2021 17:49:20][INFO][Initialization.task][55] Checking if configuration file exists
[29-09-2021 17:49:20][INFO][Initialization.task][67] Fetching configuration details
[29-09-2021 17:49:22][INFO][Initialization.task][69] Configuration details fetched successfully
[29-09-2021 17:49:22][INFO][Initialization.task][81] Checking if Office is installed
[29-09-2021 17:49:23][INFO][Initialization.task][90] Setting up credential values in the output report
[29-09-2021 17:49:24][INFO][Initialization.task][99] Calling OpenExchange API for determining exchange rate.
[29-09-2021 17:49:25][INFO][Air_Ticket_Enquiry_Process.flow][0] Determine“Exception？”The result is false
[29-09-2021 17:49:25][INFO][Air_Ticket_Enquiry_Process.flow][0] Enter block Get Southern Data
[29-09-2021 17:49:25][INFO][GetChinaSouthernAirlinesData.task][23] Open Chrome browser and enter the China Southern Airlines webpage
[29-09-2021 17:49:33][INFO][GetChinaSouthernAirlinesData.task][30] The webpage window is maximized
[29-09-2021 17:50:04][INFO][GetChinaSouthernAirlinesData.task][35] The page load return value is: 0 (success:1,failure:0)
[29-09-2021 17:50:04][ERROR][GetChinaSouthernAirlinesData.task][41] Page loading exception. Server seems to be down while accessing China Southern Airlines webpage.
[29-09-2021 17:50:04][INFO][Air_Ticket_Enquiry_Process.flow][0] Determine“Business Exception?”The result is true
[29-09-2021 17:50:04][INFO][Air_Ticket_Enquiry_Process.flow][0] Determine“Retry?”The result is true
[29-09-2021 17:50:04][INFO][Air_Ticket_Enquiry_Process.flow][0] Enter block Initialization
[29-09-2021 17:50:04][INFO][Initialization.task][32] Fetching Laiye commander parameters and credentials details from server
[29-09-2021 17:50:34][INFO][Initialization.task][34] Laiye commander parameters and credentials details fetched successfully
[29-09-2021 17:50:34][INFO][Initialization.task][39] Setting up the output report file path
[29-09-2021 17:50:34][WARN][Initialization.task][48] Deleting the output report file as it already exists
[29-09-2021 17:50:34][INFO][Initialization.task][55] Checking if configuration file exists
[29-09-2021 17:50:34][INFO][Initialization.task][67] Fetching configuration details
[29-09-2021 17:50:36][INFO][Initialization.task][69] Configuration details fetched successfully
[29-09-2021 17:50:36][INFO][Initialization.task][81] Checking if Office is installed
[29-09-2021 17:50:37][INFO][Initialization.task][90] Setting up credential values in the output report
[29-09-2021 17:50:38][INFO][Initialization.task][99] Calling OpenExchange API for determining exchange rate.
[29-09-2021 17:50:42][INFO][Air_Ticket_Enquiry_Process.flow][0] Determine“Exception？”The result is false
[29-09-2021 17:50:42][INFO][Air_Ticket_Enquiry_Process.flow][0] Enter block Get Southern Data
[29-09-2021 17:50:42][INFO][GetChinaSouthernAirlinesData.task][23] Open Chrome browser and enter the China Southern Airlines webpage
[29-09-2021 17:50:50][INFO][GetChinaSouthernAirlinesData.task][30] The webpage window is maximized
[29-09-2021 17:51:07][INFO][GetChinaSouthernAirlinesData.task][35] The page load return value is: 1 (success:1,failure:0)
[29-09-2021 17:51:07][INFO][GetChinaSouthernAirlinesData.task][49] Entering the search parameters for China Southern Airlines
[29-09-2021 17:51:40][ERROR][GetChinaSouthernAirlinesData.task][182] Application exception, failed to open extract data from China Southern Airlines website:{
	"File" : "GetChinaSouthernAirlinesData.task",
	"Line" : 52,
	"Message" : " Call error occurred in Module Mouse.MouseAuto. Action:Exception has been thrown by the target of an invocation.\nException in Mouse.Action,Element not found",
	"_InternalState_" : 1
}
[29-09-2021 17:51:40][INFO][Air_Ticket_Enquiry_Process.flow][0] Determine“Business Exception?”The result is true
[29-09-2021 17:51:40][INFO][Air_Ticket_Enquiry_Process.flow][0] Determine“Retry?”The result is true
[29-09-2021 17:51:40][INFO][Air_Ticket_Enquiry_Process.flow][0] Enter block Initialization
[29-09-2021 17:51:40][INFO][Initialization.task][32] Fetching Laiye commander parameters and credentials details from server
[29-09-2021 17:52:09][INFO][Initialization.task][34] Laiye commander parameters and credentials details fetched successfully
[29-09-2021 17:52:09][INFO][Initialization.task][39] Setting up the output report file path
[29-09-2021 17:52:09][WARN][Initialization.task][48] Deleting the output report file as it already exists
[29-09-2021 17:52:09][INFO][Initialization.task][55] Checking if configuration file exists
[29-09-2021 17:52:09][INFO][Initialization.task][67] Fetching configuration details
[29-09-2021 17:52:10][INFO][Initialization.task][69] Configuration details fetched successfully
[29-09-2021 17:52:10][INFO][Initialization.task][81] Checking if Office is installed
[29-09-2021 17:52:11][INFO][Initialization.task][90] Setting up credential values in the output report
[29-09-2021 17:52:12][INFO][Initialization.task][99] Calling OpenExchange API for determining exchange rate.
[29-09-2021 17:52:16][INFO][Air_Ticket_Enquiry_Process.flow][0] Determine“Exception？”The result is false
[29-09-2021 17:52:16][INFO][Air_Ticket_Enquiry_Process.flow][0] Enter block Get Southern Data
[29-09-2021 17:52:16][INFO][GetChinaSouthernAirlinesData.task][23] Open Chrome browser and enter the China Southern Airlines webpage
[29-09-2021 17:52:24][INFO][GetChinaSouthernAirlinesData.task][30] The webpage window is maximized
[29-09-2021 17:52:49][INFO][GetChinaSouthernAirlinesData.task][35] The page load return value is: 1 (success:1,failure:0)
[29-09-2021 17:52:50][INFO][GetChinaSouthernAirlinesData.task][49] Entering the search parameters for China Southern Airlines
[29-09-2021 17:53:22][ERROR][GetChinaSouthernAirlinesData.task][182] Application exception, failed to open extract data from China Southern Airlines website:{
	"File" : "GetChinaSouthernAirlinesData.task",
	"Line" : 52,
	"Message" : " Call error occurred in Module Mouse.MouseAuto. Action:Exception has been thrown by the target of an invocation.\nException in Mouse.Action,Element not found",
	"_InternalState_" : 1
}
[29-09-2021 17:53:22][INFO][Air_Ticket_Enquiry_Process.flow][0] Determine“Business Exception?”The result is true
[29-09-2021 17:53:22][INFO][Air_Ticket_Enquiry_Process.flow][0] Determine“Retry?”The result is false
[29-09-2021 17:53:22][INFO][Air_Ticket_Enquiry_Process.flow][0] Air_Ticket_Enquiry_Process.flow End of running
