[30-09-2021 00:42:22][INFO][][0] Work path has been switched to C:\Users\devne\Documents\Laiye Level - 3\Ticket inquiry_Attended\
[30-09-2021 00:42:22][INFO][Air_Ticket_Enquiry_Process_Attended.flow][0] Process Air_Ticket_Enquiry_Process_Attended.flow start running
[30-09-2021 00:42:22][INFO][Air_Ticket_Enquiry_Process_Attended.flow][0] Enter block Initialization
[30-09-2021 00:42:22][INFO][Initialization.task][36] Checking if configuration file exists
[30-09-2021 00:42:22][INFO][Initialization.task][48] Fetching configuration details
[30-09-2021 00:42:24][INFO][Initialization.task][50] Configuration details fetched successfully
[30-09-2021 00:42:24][INFO][Initialization.task][55] Setting up the output report file path
[30-09-2021 00:42:24][INFO][Initialization.task][59] Cleaning up all applications
[30-09-2021 00:42:24][INFO][Initialization.task][71] Fetching credentials details from Windows Credential Manager
[30-09-2021 00:42:24][INFO][Initialization.task][73] Credentials details fetched successfully from Windows Credential Manager
[30-09-2021 00:42:24][INFO][Initialization.task][88] Checking if Office is installed
[30-09-2021 00:42:25][INFO][Initialization.task][97] Setting up credential values in the output report
[30-09-2021 00:42:27][INFO][Initialization.task][106] Calling OpenExchange API for determining exchange rate.
[30-09-2021 00:42:30][INFO][Air_Ticket_Enquiry_Process_Attended.flow][0] Determine“Exception？”The result is false
[30-09-2021 00:42:30][INFO][Air_Ticket_Enquiry_Process_Attended.flow][0] Enter block Get Southern Data
[30-09-2021 00:42:30][INFO][GetChinaSouthernAirlinesData.task][36] Open Chrome browser and enter the China Southern Airlines webpage
[30-09-2021 00:42:38][INFO][GetChinaSouthernAirlinesData.task][43] The webpage window is maximized
[30-09-2021 00:42:58][INFO][GetChinaSouthernAirlinesData.task][48] The page load return value is: 1 (success:1,failure:0)
[30-09-2021 00:42:58][INFO][GetChinaSouthernAirlinesData.task][63] Entering the search parameters for China Southern Airlines
[30-09-2021 00:43:30][ERROR][GetChinaSouthernAirlinesData.task][191] Application exception, failed to open extract data from China Southern Airlines website:{
	"File" : "GetChinaSouthernAirlinesData.task",
	"Line" : 66,
	"Message" : " Call error occurred in Module Mouse.MouseAuto. Action:Exception has been thrown by the target of an invocation.\nException in Mouse.Action,Element not found",
	"_InternalState_" : 1
}
[30-09-2021 00:43:30][INFO][Air_Ticket_Enquiry_Process_Attended.flow][0] Determine“Business Exception?”The result is true
[30-09-2021 00:43:30][ERROR][Air_Ticket_Enquiry_Process_Attended.flow][13] Error running, and process aborted 
Error message as following:
Air_Ticket_Enquiry_Process_Attended.flow line 13:  attempt to compare number with string
[30-09-2021 00:43:30][INFO][Air_Ticket_Enquiry_Process_Attended.flow][0] Air_Ticket_Enquiry_Process_Attended.flow End of running
