[30-09-2021 01:19:56][INFO][][0] Work path has been switched to C:\Users\devne\Documents\Laiye Level - 3\Ticket inquiry_Attended\
[30-09-2021 01:19:56][INFO][Air_Ticket_Enquiry_Process_Attended.flow][0] Process Air_Ticket_Enquiry_Process_Attended.flow start running
[30-09-2021 01:19:56][INFO][Air_Ticket_Enquiry_Process_Attended.flow][0] Enter block Initialization
[30-09-2021 01:19:56][INFO][Initialization.task][36] Checking if configuration file exists
[30-09-2021 01:19:56][INFO][Initialization.task][48] Fetching configuration details
[30-09-2021 01:19:58][INFO][Initialization.task][50] Configuration details fetched successfully
[30-09-2021 01:19:58][INFO][Initialization.task][55] Setting up the output report file path
[30-09-2021 01:19:58][INFO][Initialization.task][59] Cleaning up all applications
[30-09-2021 01:19:58][INFO][Initialization.task][71] Fetching credentials details from Windows Credential Manager
[30-09-2021 01:19:58][INFO][Initialization.task][73] Credentials details fetched successfully from Windows Credential Manager
[30-09-2021 01:19:58][WARN][Initialization.task][81] Deleting the output report file as it already exists
[30-09-2021 01:19:58][INFO][Initialization.task][88] Checking if Office is installed
[30-09-2021 01:19:59][INFO][Initialization.task][97] Setting up credential values in the output report
[30-09-2021 01:20:00][INFO][Initialization.task][106] Calling OpenExchange API for determining exchange rate.
[30-09-2021 01:20:02][INFO][Air_Ticket_Enquiry_Process_Attended.flow][0] Determine“Exception？”The result is false
[30-09-2021 01:20:02][INFO][Air_Ticket_Enquiry_Process_Attended.flow][0] Enter block Get Southern Data
[30-09-2021 01:20:02][INFO][GetChinaSouthernAirlinesData.task][36] Open Chrome browser and enter the China Southern Airlines webpage
[30-09-2021 01:20:09][INFO][GetChinaSouthernAirlinesData.task][43] The webpage window is maximized
[30-09-2021 01:20:20][INFO][GetChinaSouthernAirlinesData.task][48] The page load return value is: 1 (success:1,failure:0)
[30-09-2021 01:20:20][INFO][GetChinaSouthernAirlinesData.task][63] Entering the search parameters for China Southern Airlines
[30-09-2021 01:20:31][INFO][GetChinaSouthernAirlinesData.task][86] Waiting for the search results to load
[30-09-2021 01:20:38][INFO][GetChinaSouthernAirlinesData.task][94] The page load return value is: 1 (success:1,failure:0)
[30-09-2021 01:20:44][INFO][GetChinaSouthernAirlinesData.task][115] Extracting flight details from the China Southern Airlines webpage.
[30-09-2021 01:20:44][INFO][GetChinaSouthernAirlinesData.task][120] Creating southern airlines data array.
[30-09-2021 01:20:44][WARN][GetChinaSouthernAirlinesData.task][180] Closing chinese southern airlines webpage
[30-09-2021 01:20:44][INFO][Air_Ticket_Enquiry_Process_Attended.flow][0] Determine“Business Exception?”The result is false
[30-09-2021 01:20:44][INFO][Air_Ticket_Enquiry_Process_Attended.flow][0] Enter block Get Eastern Data
[30-09-2021 01:20:44][INFO][GetChinaEasternAirlinesData.task][38] Open Chrome browser and enter the China Eastern Airlines webpage
[30-09-2021 01:20:46][INFO][GetChinaEasternAirlinesData.task][45] The webpage window is maximized
[30-09-2021 01:20:59][INFO][GetChinaEasternAirlinesData.task][50] The page load return value is: 1 (success:1,failure:0)
[30-09-2021 01:20:59][INFO][GetChinaEasternAirlinesData.task][65] Entering the search parameters for China Eastern Airlines
[30-09-2021 01:21:13][INFO][GetChinaEasternAirlinesData.task][90] Waiting for the search results to load
[30-09-2021 01:21:37][INFO][GetChinaEasternAirlinesData.task][95] The page load return value is: 1 (success:1,failure:0)
[30-09-2021 01:21:44][INFO][GetChinaEasternAirlinesData.task][113] Extracting flight details from the China Eastern Airlines webpage.
[30-09-2021 01:21:50][INFO][GetChinaEasternAirlinesData.task][118] Creating eastern airlines data array.
[30-09-2021 01:21:50][WARN][GetChinaEasternAirlinesData.task][197] Closing chinese eastern airlines webpage
[30-09-2021 01:21:50][INFO][Air_Ticket_Enquiry_Process_Attended.flow][0] Determine“Business Exception?”The result is false
[30-09-2021 01:21:50][INFO][Air_Ticket_Enquiry_Process_Attended.flow][0] Enter block Get Trip Data
[30-09-2021 01:21:50][INFO][GetTripData.task][38] Open Chrome browser and enter the Trip webpage
[30-09-2021 01:21:53][INFO][GetTripData.task][45] The webpage window is maximized
[30-09-2021 01:22:26][INFO][GetTripData.task][50] The page load return value is: 0 (success:1,failure:0)
[30-09-2021 01:22:26][ERROR][GetTripData.task][56] Page loading exception. Server seems to be down while accessing Trip webpage.
[30-09-2021 01:22:27][ERROR][GetTripData.task][205] Application exception, failed to open extract data from Trip website:{
	"File" : "GetTripData.task",
	"Line" : 58,
	"Message" : "Page loading exception. Server seems to be down while accessing Trip webpage.",
	"_InternalState_" : 1
}
[30-09-2021 01:22:27][INFO][Air_Ticket_Enquiry_Process_Attended.flow][0] Determine“Business Exception?”The result is true
[30-09-2021 01:22:27][INFO][Air_Ticket_Enquiry_Process_Attended.flow][0] Determine“Retry?”The result is true
[30-09-2021 01:22:27][INFO][Air_Ticket_Enquiry_Process_Attended.flow][0] Enter block Initialization
[30-09-2021 01:22:27][INFO][Initialization.task][36] Checking if configuration file exists
[30-09-2021 01:22:27][INFO][Initialization.task][48] Fetching configuration details
[30-09-2021 01:22:28][INFO][Initialization.task][50] Configuration details fetched successfully
[30-09-2021 01:22:28][INFO][Initialization.task][55] Setting up the output report file path
[30-09-2021 01:22:28][INFO][Initialization.task][59] Cleaning up all applications
[30-09-2021 01:22:28][INFO][Initialization.task][71] Fetching credentials details from Windows Credential Manager
[30-09-2021 01:22:28][INFO][Initialization.task][73] Credentials details fetched successfully from Windows Credential Manager
[30-09-2021 01:22:28][WARN][Initialization.task][81] Deleting the output report file as it already exists
[30-09-2021 01:22:28][INFO][Initialization.task][88] Checking if Office is installed
[30-09-2021 01:22:29][INFO][Initialization.task][97] Setting up credential values in the output report
[30-09-2021 01:22:30][INFO][Initialization.task][106] Calling OpenExchange API for determining exchange rate.
[30-09-2021 01:22:33][INFO][Air_Ticket_Enquiry_Process_Attended.flow][0] Determine“Exception？”The result is false
[30-09-2021 01:22:33][INFO][Air_Ticket_Enquiry_Process_Attended.flow][0] Enter block Get Southern Data
[30-09-2021 01:22:33][INFO][GetChinaSouthernAirlinesData.task][36] Open Chrome browser and enter the China Southern Airlines webpage
[30-09-2021 01:22:39][INFO][Air_Ticket_Enquiry_Process_Attended.flow][0] Air_Ticket_Enquiry_Process_Attended.flow End of running
