[28-09-2021 00:47:53][INFO][][0] Work path has been switched to C:\Users\devne\Documents\Laiye Level - 3\Ticket inquiry_Unattended\
[28-09-2021 00:47:53][INFO][Air_Ticket_Enquiry_Process.flow][0] Process Air_Ticket_Enquiry_Process.flow start running
[28-09-2021 00:47:53][INFO][Air_Ticket_Enquiry_Process.flow][0] Enter block Initialization
[28-09-2021 00:48:14][INFO][Initialization.task][47] Setting up the output report file path
[28-09-2021 00:48:14][WARN][Initialization.task][56] Deleting the output report file as it already exists
[28-09-2021 00:48:14][INFO][Initialization.task][65] Checking if Office is installed
[28-09-2021 00:48:15][INFO][Initialization.task][74] Setting up credential values in the output report
[28-09-2021 00:48:17][WARN][Initialization.task][82] Killing running chrome processes as a part of initial cleanup
[28-09-2021 00:48:17][WARN][Initialization.task][86] Killing running chrome processes as a part of initial cleanup
[28-09-2021 00:48:17][INFO][Air_Ticket_Enquiry_Process.flow][0] Determine“Exception？”The result is false
[28-09-2021 00:48:17][INFO][Air_Ticket_Enquiry_Process.flow][0] Enter block Get Southern Data
[28-09-2021 00:48:17][INFO][GetChinaSouthernAirlinesData.task][19] Open Chrome browser and enter the China Southern Airlines webpage
[28-09-2021 00:48:29][INFO][GetChinaSouthernAirlinesData.task][26] The webpage window is maximized
[28-09-2021 00:48:42][INFO][GetChinaSouthernAirlinesData.task][31] The page load return value is: 1 (success:1,failure:0)
[28-09-2021 00:48:42][INFO][GetChinaSouthernAirlinesData.task][47] Entering the search parameters for China Southern Airlines
[28-09-2021 00:49:06][INFO][GetChinaSouthernAirlinesData.task][81] Waiting for the search results to load
[28-09-2021 00:50:06][INFO][GetChinaSouthernAirlinesData.task][85] The page load return value is: 0 (success:1,failure:0)
[28-09-2021 00:50:07][ERROR][GetChinaSouthernAirlinesData.task][91] Page loading exception. Server seems to be down while searching results on China Southern Airlines webpage.
[28-09-2021 00:50:07][WARN][GetChinaSouthernAirlinesData.task][94] Killing running chrome processes as a part of initial cleanup
[28-09-2021 00:50:07][INFO][Air_Ticket_Enquiry_Process.flow][0] Determine“Business Exception?”The result is true
[28-09-2021 00:50:07][ERROR][Air_Ticket_Enquiry_Process.flow][9] Error running, and process aborted 
Error message as following:
Air_Ticket_Enquiry_Process.flow line 9:  attempt to compare number with null
[28-09-2021 00:50:07][INFO][Air_Ticket_Enquiry_Process.flow][0] Air_Ticket_Enquiry_Process.flow End of running
