[29-09-2021 00:21:53][INFO][][0] Work path has been switched to C:\Users\devne\Documents\Laiye Level - 3\Ticket inquiry_Unattended\
[29-09-2021 00:21:53][INFO][Air_Ticket_Enquiry_Process.flow][0] Process Air_Ticket_Enquiry_Process.flow start running
[29-09-2021 00:21:53][INFO][Air_Ticket_Enquiry_Process.flow][0] Enter block Initialization
[29-09-2021 00:22:16][INFO][Initialization.task][47] Setting up the output report file path
[29-09-2021 00:22:16][INFO][Initialization.task][65] Checking if Office is installed
[29-09-2021 00:22:17][INFO][Initialization.task][74] Setting up credential values in the output report
[29-09-2021 00:22:18][INFO][Initialization.task][83] Calling OpenExchange API for determining exchange rate.
[29-09-2021 00:22:21][INFO][Air_Ticket_Enquiry_Process.flow][0] Determine“Exception？”The result is false
[29-09-2021 00:22:21][INFO][Air_Ticket_Enquiry_Process.flow][0] Enter block Get Eastern Data
[29-09-2021 00:22:21][INFO][GetChinaEasternAirlinesData.task][24] Open Chrome browser and enter the China Eastern Airlines webpage
[29-09-2021 00:22:33][INFO][GetChinaEasternAirlinesData.task][31] The webpage window is maximized
[29-09-2021 00:22:49][INFO][GetChinaEasternAirlinesData.task][36] The page load return value is: 1 (success:1,failure:0)
[29-09-2021 00:22:49][INFO][GetChinaEasternAirlinesData.task][50] Entering the search parameters for China Eastern Airlines
[29-09-2021 00:23:14][ERROR][GetChinaEasternAirlinesData.task][179] Application exception, failed to open extract data from China Southern Airlines website:{
	"File" : "GetChinaEasternAirlinesData.task",
	"Line" : 72,
	"Message" : " Call error occurred in Module Mouse.MouseAuto. Action:Exception has been thrown by the target of an invocation.\nException in Mouse.Action,Element not found",
	"_InternalState_" : 1
}
[29-09-2021 00:23:14][INFO][Air_Ticket_Enquiry_Process.flow][0] Determine“Business Exception?”The result is true
[29-09-2021 00:23:14][INFO][Air_Ticket_Enquiry_Process.flow][0] Determine“Retry?”The result is true
[29-09-2021 00:23:14][INFO][Air_Ticket_Enquiry_Process.flow][0] Enter block Process Cleanup
[29-09-2021 00:23:15][INFO][Air_Ticket_Enquiry_Process.flow][0] Enter block Initialization
[29-09-2021 00:23:25][INFO][Air_Ticket_Enquiry_Process.flow][0] Air_Ticket_Enquiry_Process.flow End of running
